{
  "/Users/colterpurcell/Documents/GitHub/CSC308/CSC308_TeamProject/backend/src/backend.ts": {
    "path": "/Users/colterpurcell/Documents/GitHub/CSC308/CSC308_TeamProject/backend/src/backend.ts",
    "statementMap": {
      "0": {
        "start": { "line": 1, "column": 0 },
        "end": { "line": 1, "column": 30 }
      },
      "1": {
        "start": { "line": 2, "column": 0 },
        "end": { "line": 2, "column": 24 }
      },
      "2": {
        "start": { "line": 3, "column": 0 },
        "end": { "line": 3, "column": 53 }
      },
      "3": {
        "start": { "line": 4, "column": 0 },
        "end": { "line": 4, "column": 39 }
      },
      "4": {
        "start": { "line": 5, "column": 0 },
        "end": { "line": 5, "column": 28 }
      },
      "5": {
        "start": { "line": 6, "column": 0 },
        "end": { "line": 6, "column": 16 }
      },
      "6": {
        "start": { "line": 11, "column": 15 },
        "end": { "line": 11, "column": 52 }
      },
      "7": {
        "start": { "line": 13, "column": 0 },
        "end": { "line": 17, "column": 1 }
      },
      "8": {
        "start": { "line": 14, "column": 2 },
        "end": { "line": 14, "column": 65 }
      },
      "9": {
        "start": { "line": 16, "column": 2 },
        "end": { "line": 16, "column": 62 }
      },
      "10": {
        "start": { "line": 19, "column": 12 },
        "end": { "line": 19, "column": 21 }
      },
      "11": {
        "start": { "line": 20, "column": 13 },
        "end": { "line": 20, "column": 37 }
      },
      "12": {
        "start": { "line": 23, "column": 0 },
        "end": { "line": 23, "column": 16 }
      },
      "13": {
        "start": { "line": 24, "column": 0 },
        "end": { "line": 24, "column": 24 }
      },
      "14": {
        "start": { "line": 27, "column": 20 },
        "end": { "line": 41, "column": 2 }
      },
      "15": {
        "start": { "line": 27, "column": 31 },
        "end": { "line": 41, "column": 2 }
      },
      "16": {
        "start": { "line": 28, "column": 2 },
        "end": { "line": 28, "column": 26 }
      },
      "17": {
        "start": { "line": 31, "column": 2 },
        "end": { "line": 31, "column": 26 }
      },
      "18": {
        "start": { "line": 34, "column": 2 },
        "end": { "line": 36, "column": 5 }
      },
      "19": {
        "start": { "line": 35, "column": 4 },
        "end": { "line": 35, "column": 30 }
      },
      "20": {
        "start": { "line": 38, "column": 2 },
        "end": { "line": 40, "column": 5 }
      },
      "21": {
        "start": { "line": 39, "column": 4 },
        "end": { "line": 39, "column": 69 }
      },
      "22": {
        "start": { "line": 43, "column": 0 },
        "end": { "line": 43, "column": 14 }
      }
    },
    "fnMap": {
      "0": {
        "name": "(anonymous_8)",
        "decl": {
          "start": { "line": 27, "column": 20 },
          "end": { "line": 27, "column": 29 }
        },
        "loc": {
          "start": { "line": 27, "column": 31 },
          "end": { "line": 41, "column": 2 }
        }
      },
      "1": {
        "name": "(anonymous_9)",
        "decl": {
          "start": { "line": 27, "column": 31 },
          "end": { "line": 27, "column": null }
        },
        "loc": {
          "start": { "line": 27, "column": 31 },
          "end": { "line": 41, "column": 1 }
        }
      },
      "2": {
        "name": "(anonymous_10)",
        "decl": {
          "start": { "line": 34, "column": 15 },
          "end": { "line": 34, "column": 16 }
        },
        "loc": {
          "start": { "line": 34, "column": 28 },
          "end": { "line": 36, "column": 3 }
        }
      },
      "3": {
        "name": "(anonymous_11)",
        "decl": {
          "start": { "line": 38, "column": 19 },
          "end": { "line": 38, "column": 22 }
        },
        "loc": {
          "start": { "line": 38, "column": 24 },
          "end": { "line": 40, "column": 3 }
        }
      }
    },
    "branchMap": {
      "0": {
        "loc": {
          "start": { "line": 13, "column": 0 },
          "end": { "line": 17, "column": 1 }
        },
        "type": "if",
        "locations": [
          {
            "start": { "line": 13, "column": 0 },
            "end": { "line": 17, "column": 1 }
          },
          {
            "start": { "line": 15, "column": 7 },
            "end": { "line": 17, "column": 1 }
          }
        ]
      },
      "1": {
        "loc": {
          "start": { "line": 20, "column": 13 },
          "end": { "line": 20, "column": 37 }
        },
        "type": "binary-expr",
        "locations": [
          {
            "start": { "line": 20, "column": 13 },
            "end": { "line": 20, "column": 29 }
          },
          {
            "start": { "line": 20, "column": 33 },
            "end": { "line": 20, "column": 37 }
          }
        ]
      }
    },
    "s": {
      "0": 0,
      "1": 0,
      "2": 0,
      "3": 0,
      "4": 0,
      "5": 0,
      "6": 0,
      "7": 0,
      "8": 0,
      "9": 0,
      "10": 0,
      "11": 0,
      "12": 0,
      "13": 0,
      "14": 0,
      "15": 0,
      "16": 0,
      "17": 0,
      "18": 0,
      "19": 0,
      "20": 0,
      "21": 0,
      "22": 0
    },
    "f": { "0": 0, "1": 0, "2": 0, "3": 0 },
    "b": { "0": [0, 0], "1": [0, 0] }
  },
  "/Users/colterpurcell/Documents/GitHub/CSC308/CSC308_TeamProject/backend/src/controllers/UserController.ts": {
    "path": "/Users/colterpurcell/Documents/GitHub/CSC308/CSC308_TeamProject/backend/src/controllers/UserController.ts",
    "statementMap": {
      "0": {
        "start": { "line": 2, "column": 0 },
        "end": { "line": 2, "column": 47 }
      },
      "1": {
        "start": { "line": 11, "column": 33 },
        "end": { "line": 24, "column": 2 }
      },
      "2": {
        "start": { "line": 11, "column": 71 },
        "end": { "line": 24, "column": 2 }
      },
      "3": {
        "start": { "line": 12, "column": 2 },
        "end": { "line": 23, "column": 3 }
      },
      "4": {
        "start": { "line": 13, "column": 22 },
        "end": { "line": 13, "column": 45 }
      },
      "5": {
        "start": { "line": 14, "column": 17 },
        "end": { "line": 14, "column": 75 }
      },
      "6": {
        "start": { "line": 15, "column": 4 },
        "end": { "line": 18, "column": 5 }
      },
      "7": {
        "start": { "line": 16, "column": 6 },
        "end": { "line": 16, "column": 45 }
      },
      "8": {
        "start": { "line": 17, "column": 6 },
        "end": { "line": 17, "column": 13 }
      },
      "9": {
        "start": { "line": 19, "column": 4 },
        "end": { "line": 19, "column": 31 }
      },
      "10": {
        "start": { "line": 21, "column": 4 },
        "end": { "line": 21, "column": 23 }
      },
      "11": {
        "start": { "line": 22, "column": 4 },
        "end": { "line": 22, "column": 48 }
      },
      "12": {
        "start": { "line": 11, "column": 13 },
        "end": { "line": 11, "column": 33 }
      },
      "13": {
        "start": { "line": 32, "column": 36 },
        "end": { "line": 50, "column": 2 }
      },
      "14": {
        "start": { "line": 32, "column": 74 },
        "end": { "line": 50, "column": 2 }
      },
      "15": {
        "start": { "line": 33, "column": 2 },
        "end": { "line": 49, "column": 3 }
      },
      "16": {
        "start": { "line": 34, "column": 22 },
        "end": { "line": 34, "column": 45 }
      },
      "17": {
        "start": { "line": 35, "column": 17 },
        "end": { "line": 35, "column": 75 }
      },
      "18": {
        "start": { "line": 36, "column": 4 },
        "end": { "line": 39, "column": 5 }
      },
      "19": {
        "start": { "line": 37, "column": 6 },
        "end": { "line": 37, "column": 45 }
      },
      "20": {
        "start": { "line": 38, "column": 6 },
        "end": { "line": 38, "column": 13 }
      },
      "21": {
        "start": { "line": 40, "column": 4 },
        "end": { "line": 45, "column": 5 }
      },
      "22": {
        "start": { "line": 41, "column": 6 },
        "end": { "line": 41, "column": 37 }
      },
      "23": {
        "start": { "line": 42, "column": 6 },
        "end": { "line": 42, "column": 43 }
      },
      "24": {
        "start": { "line": 44, "column": 6 },
        "end": { "line": 44, "column": 58 }
      },
      "25": {
        "start": { "line": 47, "column": 4 },
        "end": { "line": 47, "column": 23 }
      },
      "26": {
        "start": { "line": 48, "column": 4 },
        "end": { "line": 48, "column": 48 }
      },
      "27": {
        "start": { "line": 32, "column": 13 },
        "end": { "line": 32, "column": 36 }
      },
      "28": {
        "start": { "line": 58, "column": 36 },
        "end": { "line": 76, "column": 2 }
      },
      "29": {
        "start": { "line": 58, "column": 74 },
        "end": { "line": 76, "column": 2 }
      },
      "30": {
        "start": { "line": 59, "column": 2 },
        "end": { "line": 75, "column": 3 }
      },
      "31": {
        "start": { "line": 60, "column": 22 },
        "end": { "line": 60, "column": 45 }
      },
      "32": {
        "start": { "line": 61, "column": 17 },
        "end": { "line": 61, "column": 75 }
      },
      "33": {
        "start": { "line": 62, "column": 4 },
        "end": { "line": 65, "column": 5 }
      },
      "34": {
        "start": { "line": 63, "column": 6 },
        "end": { "line": 63, "column": 45 }
      },
      "35": {
        "start": { "line": 64, "column": 6 },
        "end": { "line": 64, "column": 13 }
      },
      "36": {
        "start": { "line": 66, "column": 4 },
        "end": { "line": 71, "column": 5 }
      },
      "37": {
        "start": { "line": 67, "column": 6 },
        "end": { "line": 67, "column": 29 }
      },
      "38": {
        "start": { "line": 68, "column": 6 },
        "end": { "line": 68, "column": 43 }
      },
      "39": {
        "start": { "line": 70, "column": 6 },
        "end": { "line": 70, "column": 58 }
      },
      "40": {
        "start": { "line": 73, "column": 4 },
        "end": { "line": 73, "column": 23 }
      },
      "41": {
        "start": { "line": 74, "column": 4 },
        "end": { "line": 74, "column": 48 }
      },
      "42": {
        "start": { "line": 58, "column": 13 },
        "end": { "line": 58, "column": 36 }
      },
      "43": {
        "start": { "line": 84, "column": 23 },
        "end": { "line": 98, "column": 2 }
      },
      "44": {
        "start": { "line": 84, "column": 61 },
        "end": { "line": 98, "column": 2 }
      },
      "45": {
        "start": { "line": 85, "column": 2 },
        "end": { "line": 97, "column": 3 }
      },
      "46": {
        "start": { "line": 86, "column": 22 },
        "end": { "line": 86, "column": 45 }
      },
      "47": {
        "start": { "line": 87, "column": 17 },
        "end": { "line": 87, "column": 40 }
      },
      "48": {
        "start": { "line": 88, "column": 4 },
        "end": { "line": 93, "column": 5 }
      },
      "49": {
        "start": { "line": 89, "column": 6 },
        "end": { "line": 89, "column": 24 }
      },
      "50": {
        "start": { "line": 90, "column": 6 },
        "end": { "line": 90, "column": 43 }
      },
      "51": {
        "start": { "line": 92, "column": 6 },
        "end": { "line": 92, "column": 58 }
      },
      "52": {
        "start": { "line": 95, "column": 4 },
        "end": { "line": 95, "column": 23 }
      },
      "53": {
        "start": { "line": 96, "column": 4 },
        "end": { "line": 96, "column": 48 }
      },
      "54": {
        "start": { "line": 84, "column": 13 },
        "end": { "line": 84, "column": 23 }
      },
      "55": {
        "start": { "line": 106, "column": 27 },
        "end": { "line": 115, "column": 2 }
      },
      "56": {
        "start": { "line": 106, "column": 65 },
        "end": { "line": 115, "column": 2 }
      },
      "57": {
        "start": { "line": 107, "column": 2 },
        "end": { "line": 114, "column": 3 }
      },
      "58": {
        "start": { "line": 108, "column": 22 },
        "end": { "line": 108, "column": 45 }
      },
      "59": {
        "start": { "line": 109, "column": 18 },
        "end": { "line": 109, "column": 42 }
      },
      "60": {
        "start": { "line": 110, "column": 4 },
        "end": { "line": 110, "column": 32 }
      },
      "61": {
        "start": { "line": 112, "column": 4 },
        "end": { "line": 112, "column": 23 }
      },
      "62": {
        "start": { "line": 113, "column": 4 },
        "end": { "line": 113, "column": 49 }
      },
      "63": {
        "start": { "line": 106, "column": 13 },
        "end": { "line": 106, "column": 27 }
      }
    },
    "fnMap": {
      "0": {
        "name": "(anonymous_7)",
        "decl": {
          "start": { "line": 11, "column": 33 },
          "end": { "line": 11, "column": 40 }
        },
        "loc": {
          "start": { "line": 11, "column": 71 },
          "end": { "line": 24, "column": 2 }
        }
      },
      "1": {
        "name": "(anonymous_8)",
        "decl": {
          "start": { "line": 11, "column": 71 },
          "end": { "line": 11, "column": null }
        },
        "loc": {
          "start": { "line": 11, "column": 71 },
          "end": { "line": 24, "column": 1 }
        }
      },
      "2": {
        "name": "(anonymous_9)",
        "decl": {
          "start": { "line": 32, "column": 36 },
          "end": { "line": 32, "column": 43 }
        },
        "loc": {
          "start": { "line": 32, "column": 74 },
          "end": { "line": 50, "column": 2 }
        }
      },
      "3": {
        "name": "(anonymous_10)",
        "decl": {
          "start": { "line": 32, "column": 74 },
          "end": { "line": 32, "column": null }
        },
        "loc": {
          "start": { "line": 32, "column": 74 },
          "end": { "line": 50, "column": 1 }
        }
      },
      "4": {
        "name": "(anonymous_11)",
        "decl": {
          "start": { "line": 58, "column": 36 },
          "end": { "line": 58, "column": 43 }
        },
        "loc": {
          "start": { "line": 58, "column": 74 },
          "end": { "line": 76, "column": 2 }
        }
      },
      "5": {
        "name": "(anonymous_12)",
        "decl": {
          "start": { "line": 58, "column": 74 },
          "end": { "line": 58, "column": null }
        },
        "loc": {
          "start": { "line": 58, "column": 74 },
          "end": { "line": 76, "column": 1 }
        }
      },
      "6": {
        "name": "(anonymous_13)",
        "decl": {
          "start": { "line": 84, "column": 23 },
          "end": { "line": 84, "column": 30 }
        },
        "loc": {
          "start": { "line": 84, "column": 61 },
          "end": { "line": 98, "column": 2 }
        }
      },
      "7": {
        "name": "(anonymous_14)",
        "decl": {
          "start": { "line": 84, "column": 61 },
          "end": { "line": 84, "column": null }
        },
        "loc": {
          "start": { "line": 84, "column": 61 },
          "end": { "line": 98, "column": 1 }
        }
      },
      "8": {
        "name": "(anonymous_15)",
        "decl": {
          "start": { "line": 106, "column": 27 },
          "end": { "line": 106, "column": 34 }
        },
        "loc": {
          "start": { "line": 106, "column": 65 },
          "end": { "line": 115, "column": 2 }
        }
      },
      "9": {
        "name": "(anonymous_16)",
        "decl": {
          "start": { "line": 106, "column": 65 },
          "end": { "line": 106, "column": null }
        },
        "loc": {
          "start": { "line": 106, "column": 65 },
          "end": { "line": 115, "column": 1 }
        }
      }
    },
    "branchMap": {
      "0": {
        "loc": {
          "start": { "line": 15, "column": 4 },
          "end": { "line": 18, "column": 5 }
        },
        "type": "if",
        "locations": [
          {
            "start": { "line": 15, "column": 4 },
            "end": { "line": 18, "column": 5 }
          }
        ]
      },
      "1": {
        "loc": {
          "start": { "line": 36, "column": 4 },
          "end": { "line": 39, "column": 5 }
        },
        "type": "if",
        "locations": [
          {
            "start": { "line": 36, "column": 4 },
            "end": { "line": 39, "column": 5 }
          }
        ]
      },
      "2": {
        "loc": {
          "start": { "line": 62, "column": 4 },
          "end": { "line": 65, "column": 5 }
        },
        "type": "if",
        "locations": [
          {
            "start": { "line": 62, "column": 4 },
            "end": { "line": 65, "column": 5 }
          }
        ]
      }
    },
    "s": {
      "0": 1,
      "1": 1,
      "2": 2,
      "3": 2,
      "4": 2,
      "5": 2,
      "6": 2,
      "7": 1,
      "8": 1,
      "9": 1,
      "10": 0,
      "11": 0,
      "12": 1,
      "13": 1,
      "14": 2,
      "15": 2,
      "16": 2,
      "17": 2,
      "18": 2,
      "19": 1,
      "20": 1,
      "21": 1,
      "22": 1,
      "23": 1,
      "24": 0,
      "25": 0,
      "26": 0,
      "27": 1,
      "28": 1,
      "29": 2,
      "30": 2,
      "31": 2,
      "32": 2,
      "33": 2,
      "34": 1,
      "35": 1,
      "36": 1,
      "37": 1,
      "38": 1,
      "39": 0,
      "40": 0,
      "41": 0,
      "42": 1,
      "43": 1,
      "44": 1,
      "45": 1,
      "46": 1,
      "47": 1,
      "48": 0,
      "49": 0,
      "50": 0,
      "51": 0,
      "52": 1,
      "53": 1,
      "54": 1,
      "55": 1,
      "56": 1,
      "57": 1,
      "58": 1,
      "59": 1,
      "60": 1,
      "61": 0,
      "62": 0,
      "63": 1
    },
    "f": {
      "0": 2,
      "1": 2,
      "2": 2,
      "3": 2,
      "4": 2,
      "5": 2,
      "6": 1,
      "7": 1,
      "8": 1,
      "9": 1
    },
    "b": { "0": [1], "1": [1], "2": [1] }
  },
  "/Users/colterpurcell/Documents/GitHub/CSC308/CSC308_TeamProject/backend/src/controllers/favoritesController.ts": {
    "path": "/Users/colterpurcell/Documents/GitHub/CSC308/CSC308_TeamProject/backend/src/controllers/favoritesController.ts",
    "statementMap": {
      "0": {
        "start": { "line": 2, "column": 0 },
        "end": { "line": 2, "column": 47 }
      },
      "1": {
        "start": { "line": 11, "column": 32 },
        "end": { "line": 22, "column": 2 }
      },
      "2": {
        "start": { "line": 11, "column": 70 },
        "end": { "line": 22, "column": 2 }
      },
      "3": {
        "start": { "line": 12, "column": 2 },
        "end": { "line": 21, "column": 3 }
      },
      "4": {
        "start": { "line": 13, "column": 27 },
        "end": { "line": 13, "column": 60 }
      },
      "5": {
        "start": { "line": 14, "column": 22 },
        "end": { "line": 16, "column": 13 }
      },
      "6": {
        "start": { "line": 17, "column": 4 },
        "end": { "line": 17, "column": 36 }
      },
      "7": {
        "start": { "line": 19, "column": 4 },
        "end": { "line": 19, "column": 52 }
      },
      "8": {
        "start": { "line": 20, "column": 4 },
        "end": { "line": 20, "column": 53 }
      },
      "9": {
        "start": { "line": 11, "column": 13 },
        "end": { "line": 11, "column": 32 }
      },
      "10": {
        "start": { "line": 30, "column": 27 },
        "end": { "line": 48, "column": 2 }
      },
      "11": {
        "start": { "line": 30, "column": 65 },
        "end": { "line": 48, "column": 2 }
      },
      "12": {
        "start": { "line": 31, "column": 2 },
        "end": { "line": 47, "column": 3 }
      },
      "13": {
        "start": { "line": 32, "column": 27 },
        "end": { "line": 32, "column": 60 }
      },
      "14": {
        "start": { "line": 33, "column": 44 },
        "end": { "line": 33, "column": 52 }
      },
      "15": {
        "start": { "line": 35, "column": 4 },
        "end": { "line": 37, "column": 5 }
      },
      "16": {
        "start": { "line": 36, "column": 6 },
        "end": { "line": 36, "column": 46 }
      },
      "17": {
        "start": { "line": 38, "column": 21 },
        "end": { "line": 38, "column": 72 }
      },
      "18": {
        "start": { "line": 39, "column": 4 },
        "end": { "line": 42, "column": 7 }
      },
      "19": {
        "start": { "line": 40, "column": 6 },
        "end": { "line": 40, "column": 51 }
      },
      "20": {
        "start": { "line": 41, "column": 6 },
        "end": { "line": 41, "column": 16 }
      },
      "21": {
        "start": { "line": 43, "column": 4 },
        "end": { "line": 43, "column": 43 }
      },
      "22": {
        "start": { "line": 45, "column": 4 },
        "end": { "line": 45, "column": 49 }
      },
      "23": {
        "start": { "line": 46, "column": 4 },
        "end": { "line": 46, "column": 50 }
      },
      "24": {
        "start": { "line": 30, "column": 13 },
        "end": { "line": 30, "column": 27 }
      },
      "25": {
        "start": { "line": 56, "column": 30 },
        "end": { "line": 80, "column": 2 }
      },
      "26": {
        "start": { "line": 56, "column": 68 },
        "end": { "line": 80, "column": 2 }
      },
      "27": {
        "start": { "line": 57, "column": 2 },
        "end": { "line": 79, "column": 3 }
      },
      "28": {
        "start": { "line": 58, "column": 27 },
        "end": { "line": 58, "column": 60 }
      },
      "29": {
        "start": { "line": 59, "column": 44 },
        "end": { "line": 59, "column": 52 }
      },
      "30": {
        "start": { "line": 61, "column": 4 },
        "end": { "line": 63, "column": 5 }
      },
      "31": {
        "start": { "line": 62, "column": 6 },
        "end": { "line": 62, "column": 46 }
      },
      "32": {
        "start": { "line": 65, "column": 21 },
        "end": { "line": 70, "column": 13 }
      },
      "33": {
        "start": { "line": 71, "column": 4 },
        "end": { "line": 73, "column": 5 }
      },
      "34": {
        "start": { "line": 72, "column": 6 },
        "end": { "line": 72, "column": 49 }
      },
      "35": {
        "start": { "line": 75, "column": 4 },
        "end": { "line": 75, "column": 45 }
      },
      "36": {
        "start": { "line": 77, "column": 4 },
        "end": { "line": 77, "column": 51 }
      },
      "37": {
        "start": { "line": 78, "column": 4 },
        "end": { "line": 78, "column": 52 }
      },
      "38": {
        "start": { "line": 56, "column": 13 },
        "end": { "line": 56, "column": 30 }
      },
      "39": {
        "start": { "line": 88, "column": 30 },
        "end": { "line": 112, "column": 2 }
      },
      "40": {
        "start": { "line": 88, "column": 68 },
        "end": { "line": 112, "column": 2 }
      },
      "41": {
        "start": { "line": 89, "column": 2 },
        "end": { "line": 111, "column": 3 }
      },
      "42": {
        "start": { "line": 90, "column": 27 },
        "end": { "line": 90, "column": 60 }
      },
      "43": {
        "start": { "line": 91, "column": 49 },
        "end": { "line": 91, "column": 57 }
      },
      "44": {
        "start": { "line": 93, "column": 4 },
        "end": { "line": 95, "column": 5 }
      },
      "45": {
        "start": { "line": 94, "column": 6 },
        "end": { "line": 94, "column": 46 }
      },
      "46": {
        "start": { "line": 97, "column": 21 },
        "end": { "line": 101, "column": 12 }
      },
      "47": {
        "start": { "line": 103, "column": 4 },
        "end": { "line": 105, "column": 5 }
      },
      "48": {
        "start": { "line": 104, "column": 6 },
        "end": { "line": 104, "column": 49 }
      },
      "49": {
        "start": { "line": 107, "column": 4 },
        "end": { "line": 107, "column": 45 }
      },
      "50": {
        "start": { "line": 109, "column": 4 },
        "end": { "line": 109, "column": 51 }
      },
      "51": {
        "start": { "line": 110, "column": 4 },
        "end": { "line": 110, "column": 52 }
      },
      "52": {
        "start": { "line": 88, "column": 13 },
        "end": { "line": 88, "column": 30 }
      }
    },
    "fnMap": {
      "0": {
        "name": "(anonymous_7)",
        "decl": {
          "start": { "line": 11, "column": 32 },
          "end": { "line": 11, "column": 39 }
        },
        "loc": {
          "start": { "line": 11, "column": 70 },
          "end": { "line": 22, "column": 2 }
        }
      },
      "1": {
        "name": "(anonymous_8)",
        "decl": {
          "start": { "line": 11, "column": 70 },
          "end": { "line": 11, "column": null }
        },
        "loc": {
          "start": { "line": 11, "column": 70 },
          "end": { "line": 22, "column": 1 }
        }
      },
      "2": {
        "name": "(anonymous_9)",
        "decl": {
          "start": { "line": 30, "column": 27 },
          "end": { "line": 30, "column": 34 }
        },
        "loc": {
          "start": { "line": 30, "column": 65 },
          "end": { "line": 48, "column": 2 }
        }
      },
      "3": {
        "name": "(anonymous_10)",
        "decl": {
          "start": { "line": 30, "column": 65 },
          "end": { "line": 30, "column": null }
        },
        "loc": {
          "start": { "line": 30, "column": 65 },
          "end": { "line": 48, "column": 1 }
        }
      },
      "4": {
        "name": "(anonymous_11)",
        "decl": {
          "start": { "line": 39, "column": 32 },
          "end": { "line": 39, "column": 33 }
        },
        "loc": {
          "start": { "line": 39, "column": 40 },
          "end": { "line": 42, "column": 5 }
        }
      },
      "5": {
        "name": "(anonymous_12)",
        "decl": {
          "start": { "line": 56, "column": 30 },
          "end": { "line": 56, "column": 37 }
        },
        "loc": {
          "start": { "line": 56, "column": 68 },
          "end": { "line": 80, "column": 2 }
        }
      },
      "6": {
        "name": "(anonymous_13)",
        "decl": {
          "start": { "line": 56, "column": 68 },
          "end": { "line": 56, "column": null }
        },
        "loc": {
          "start": { "line": 56, "column": 68 },
          "end": { "line": 80, "column": 1 }
        }
      },
      "7": {
        "name": "(anonymous_14)",
        "decl": {
          "start": { "line": 88, "column": 30 },
          "end": { "line": 88, "column": 37 }
        },
        "loc": {
          "start": { "line": 88, "column": 68 },
          "end": { "line": 112, "column": 2 }
        }
      },
      "8": {
        "name": "(anonymous_15)",
        "decl": {
          "start": { "line": 88, "column": 68 },
          "end": { "line": 88, "column": null }
        },
        "loc": {
          "start": { "line": 88, "column": 68 },
          "end": { "line": 112, "column": 1 }
        }
      }
    },
    "branchMap": {
      "0": {
        "loc": {
          "start": { "line": 35, "column": 4 },
          "end": { "line": 37, "column": 5 }
        },
        "type": "if",
        "locations": [
          {
            "start": { "line": 35, "column": 4 },
            "end": { "line": 37, "column": 5 }
          }
        ]
      },
      "1": {
        "loc": {
          "start": { "line": 35, "column": 8 },
          "end": { "line": 35, "column": 47 }
        },
        "type": "binary-expr",
        "locations": [
          {
            "start": { "line": 35, "column": 8 },
            "end": { "line": 35, "column": 15 }
          },
          {
            "start": { "line": 35, "column": 20 },
            "end": { "line": 35, "column": 25 }
          },
          {
            "start": { "line": 35, "column": 29 },
            "end": { "line": 35, "column": 36 }
          },
          {
            "start": { "line": 35, "column": 40 },
            "end": { "line": 35, "column": 46 }
          }
        ]
      },
      "2": {
        "loc": {
          "start": { "line": 61, "column": 4 },
          "end": { "line": 63, "column": 5 }
        },
        "type": "if",
        "locations": [
          {
            "start": { "line": 61, "column": 4 },
            "end": { "line": 63, "column": 5 }
          }
        ]
      },
      "3": {
        "loc": {
          "start": { "line": 61, "column": 8 },
          "end": { "line": 61, "column": 47 }
        },
        "type": "binary-expr",
        "locations": [
          {
            "start": { "line": 61, "column": 8 },
            "end": { "line": 61, "column": 15 }
          },
          {
            "start": { "line": 61, "column": 20 },
            "end": { "line": 61, "column": 25 }
          },
          {
            "start": { "line": 61, "column": 29 },
            "end": { "line": 61, "column": 36 }
          },
          {
            "start": { "line": 61, "column": 40 },
            "end": { "line": 61, "column": 46 }
          }
        ]
      },
      "4": {
        "loc": {
          "start": { "line": 71, "column": 4 },
          "end": { "line": 73, "column": 5 }
        },
        "type": "if",
        "locations": [
          {
            "start": { "line": 71, "column": 4 },
            "end": { "line": 73, "column": 5 }
          }
        ]
      },
      "5": {
        "loc": {
          "start": { "line": 93, "column": 4 },
          "end": { "line": 95, "column": 5 }
        },
        "type": "if",
        "locations": [
          {
            "start": { "line": 93, "column": 4 },
            "end": { "line": 95, "column": 5 }
          }
        ]
      },
      "6": {
        "loc": {
          "start": { "line": 93, "column": 8 },
          "end": { "line": 93, "column": 47 }
        },
        "type": "binary-expr",
        "locations": [
          {
            "start": { "line": 93, "column": 8 },
            "end": { "line": 93, "column": 15 }
          },
          {
            "start": { "line": 93, "column": 19 },
            "end": { "line": 93, "column": 31 }
          },
          {
            "start": { "line": 93, "column": 35 },
            "end": { "line": 93, "column": 47 }
          }
        ]
      },
      "7": {
        "loc": {
          "start": { "line": 103, "column": 4 },
          "end": { "line": 105, "column": 5 }
        },
        "type": "if",
        "locations": [
          {
            "start": { "line": 103, "column": 4 },
            "end": { "line": 105, "column": 5 }
          }
        ]
      }
    },
    "s": {
      "0": 0,
      "1": 0,
      "2": 0,
      "3": 0,
      "4": 0,
      "5": 0,
      "6": 0,
      "7": 0,
      "8": 0,
      "9": 0,
      "10": 0,
      "11": 0,
      "12": 0,
      "13": 0,
      "14": 0,
      "15": 0,
      "16": 0,
      "17": 0,
      "18": 0,
      "19": 0,
      "20": 0,
      "21": 0,
      "22": 0,
      "23": 0,
      "24": 0,
      "25": 0,
      "26": 0,
      "27": 0,
      "28": 0,
      "29": 0,
      "30": 0,
      "31": 0,
      "32": 0,
      "33": 0,
      "34": 0,
      "35": 0,
      "36": 0,
      "37": 0,
      "38": 0,
      "39": 0,
      "40": 0,
      "41": 0,
      "42": 0,
      "43": 0,
      "44": 0,
      "45": 0,
      "46": 0,
      "47": 0,
      "48": 0,
      "49": 0,
      "50": 0,
      "51": 0,
      "52": 0
    },
    "f": {
      "0": 0,
      "1": 0,
      "2": 0,
      "3": 0,
      "4": 0,
      "5": 0,
      "6": 0,
      "7": 0,
      "8": 0
    },
    "b": {
      "0": [0],
      "1": [0, 0, 0, 0],
      "2": [0],
      "3": [0, 0, 0, 0],
      "4": [0],
      "5": [0],
      "6": [0, 0, 0],
      "7": [0]
    }
  },
  "/Users/colterpurcell/Documents/GitHub/CSC308/CSC308_TeamProject/backend/src/controllers/playlistController.ts": {
    "path": "/Users/colterpurcell/Documents/GitHub/CSC308/CSC308_TeamProject/backend/src/controllers/playlistController.ts",
    "statementMap": {
      "0": {
        "start": { "line": 2, "column": 0 },
        "end": { "line": 2, "column": 47 }
      },
      "1": {
        "start": { "line": 14, "column": 31 },
        "end": { "line": 23, "column": 2 }
      },
      "2": {
        "start": { "line": 14, "column": 69 },
        "end": { "line": 23, "column": 2 }
      },
      "3": {
        "start": { "line": 15, "column": 2 },
        "end": { "line": 22, "column": 3 }
      },
      "4": {
        "start": { "line": 16, "column": 26 },
        "end": { "line": 16, "column": 57 }
      },
      "5": {
        "start": { "line": 17, "column": 22 },
        "end": { "line": 17, "column": 48 }
      },
      "6": {
        "start": { "line": 18, "column": 4 },
        "end": { "line": 18, "column": 36 }
      },
      "7": {
        "start": { "line": 20, "column": 4 },
        "end": { "line": 20, "column": 52 }
      },
      "8": {
        "start": { "line": 21, "column": 4 },
        "end": { "line": 21, "column": 53 }
      },
      "9": {
        "start": { "line": 14, "column": 13 },
        "end": { "line": 14, "column": 31 }
      },
      "10": {
        "start": { "line": 31, "column": 27 },
        "end": { "line": 45, "column": 2 }
      },
      "11": {
        "start": { "line": 31, "column": 65 },
        "end": { "line": 45, "column": 2 }
      },
      "12": {
        "start": { "line": 32, "column": 2 },
        "end": { "line": 44, "column": 3 }
      },
      "13": {
        "start": { "line": 33, "column": 4 },
        "end": { "line": 36, "column": 5 }
      },
      "14": {
        "start": { "line": 34, "column": 6 },
        "end": { "line": 34, "column": 46 }
      },
      "15": {
        "start": { "line": 35, "column": 6 },
        "end": { "line": 35, "column": 13 }
      },
      "16": {
        "start": { "line": 37, "column": 26 },
        "end": { "line": 37, "column": 57 }
      },
      "17": {
        "start": { "line": 38, "column": 21 },
        "end": { "line": 38, "column": 48 }
      },
      "18": {
        "start": { "line": 39, "column": 4 },
        "end": { "line": 39, "column": 26 }
      },
      "19": {
        "start": { "line": 40, "column": 4 },
        "end": { "line": 40, "column": 45 }
      },
      "20": {
        "start": { "line": 42, "column": 4 },
        "end": { "line": 42, "column": 49 }
      },
      "21": {
        "start": { "line": 43, "column": 4 },
        "end": { "line": 43, "column": 50 }
      },
      "22": {
        "start": { "line": 31, "column": 13 },
        "end": { "line": 31, "column": 27 }
      },
      "23": {
        "start": { "line": 53, "column": 31 },
        "end": { "line": 66, "column": 2 }
      },
      "24": {
        "start": { "line": 53, "column": 69 },
        "end": { "line": 66, "column": 2 }
      },
      "25": {
        "start": { "line": 54, "column": 2 },
        "end": { "line": 65, "column": 3 }
      },
      "26": {
        "start": { "line": 55, "column": 26 },
        "end": { "line": 55, "column": 57 }
      },
      "27": {
        "start": { "line": 56, "column": 21 },
        "end": { "line": 56, "column": 72 }
      },
      "28": {
        "start": { "line": 57, "column": 4 },
        "end": { "line": 60, "column": 5 }
      },
      "29": {
        "start": { "line": 58, "column": 6 },
        "end": { "line": 58, "column": 49 }
      },
      "30": {
        "start": { "line": 59, "column": 6 },
        "end": { "line": 59, "column": 13 }
      },
      "31": {
        "start": { "line": 61, "column": 4 },
        "end": { "line": 61, "column": 35 }
      },
      "32": {
        "start": { "line": 63, "column": 4 },
        "end": { "line": 63, "column": 51 }
      },
      "33": {
        "start": { "line": 64, "column": 4 },
        "end": { "line": 64, "column": 52 }
      },
      "34": {
        "start": { "line": 53, "column": 13 },
        "end": { "line": 53, "column": 31 }
      },
      "35": {
        "start": { "line": 75, "column": 34 },
        "end": { "line": 89, "column": 2 }
      },
      "36": {
        "start": { "line": 75, "column": 72 },
        "end": { "line": 89, "column": 2 }
      },
      "37": {
        "start": { "line": 76, "column": 2 },
        "end": { "line": 88, "column": 3 }
      },
      "38": {
        "start": { "line": 77, "column": 26 },
        "end": { "line": 77, "column": 57 }
      },
      "39": {
        "start": { "line": 78, "column": 21 },
        "end": { "line": 78, "column": 72 }
      },
      "40": {
        "start": { "line": 79, "column": 4 },
        "end": { "line": 82, "column": 5 }
      },
      "41": {
        "start": { "line": 80, "column": 6 },
        "end": { "line": 80, "column": 49 }
      },
      "42": {
        "start": { "line": 81, "column": 6 },
        "end": { "line": 81, "column": 13 }
      },
      "43": {
        "start": { "line": 83, "column": 4 },
        "end": { "line": 83, "column": 39 }
      },
      "44": {
        "start": { "line": 84, "column": 4 },
        "end": { "line": 84, "column": 45 }
      },
      "45": {
        "start": { "line": 86, "column": 4 },
        "end": { "line": 86, "column": 51 }
      },
      "46": {
        "start": { "line": 87, "column": 4 },
        "end": { "line": 87, "column": 52 }
      },
      "47": {
        "start": { "line": 75, "column": 13 },
        "end": { "line": 75, "column": 34 }
      },
      "48": {
        "start": { "line": 97, "column": 34 },
        "end": { "line": 111, "column": 2 }
      },
      "49": {
        "start": { "line": 97, "column": 72 },
        "end": { "line": 111, "column": 2 }
      },
      "50": {
        "start": { "line": 98, "column": 2 },
        "end": { "line": 110, "column": 3 }
      },
      "51": {
        "start": { "line": 99, "column": 26 },
        "end": { "line": 99, "column": 57 }
      },
      "52": {
        "start": { "line": 100, "column": 21 },
        "end": { "line": 100, "column": 72 }
      },
      "53": {
        "start": { "line": 101, "column": 4 },
        "end": { "line": 104, "column": 5 }
      },
      "54": {
        "start": { "line": 102, "column": 6 },
        "end": { "line": 102, "column": 49 }
      },
      "55": {
        "start": { "line": 103, "column": 6 },
        "end": { "line": 103, "column": 13 }
      },
      "56": {
        "start": { "line": 105, "column": 4 },
        "end": { "line": 105, "column": 31 }
      },
      "57": {
        "start": { "line": 106, "column": 4 },
        "end": { "line": 106, "column": 45 }
      },
      "58": {
        "start": { "line": 108, "column": 4 },
        "end": { "line": 108, "column": 51 }
      },
      "59": {
        "start": { "line": 109, "column": 4 },
        "end": { "line": 109, "column": 52 }
      },
      "60": {
        "start": { "line": 97, "column": 13 },
        "end": { "line": 97, "column": 34 }
      },
      "61": {
        "start": { "line": 119, "column": 38 },
        "end": { "line": 130, "column": 2 }
      },
      "62": {
        "start": { "line": 119, "column": 76 },
        "end": { "line": 130, "column": 2 }
      },
      "63": {
        "start": { "line": 120, "column": 2 },
        "end": { "line": 129, "column": 3 }
      },
      "64": {
        "start": { "line": 121, "column": 26 },
        "end": { "line": 121, "column": 57 }
      },
      "65": {
        "start": { "line": 122, "column": 22 },
        "end": { "line": 124, "column": 6 }
      },
      "66": {
        "start": { "line": 125, "column": 4 },
        "end": { "line": 125, "column": 36 }
      },
      "67": {
        "start": { "line": 127, "column": 4 },
        "end": { "line": 127, "column": 52 }
      },
      "68": {
        "start": { "line": 128, "column": 4 },
        "end": { "line": 128, "column": 53 }
      },
      "69": {
        "start": { "line": 119, "column": 13 },
        "end": { "line": 119, "column": 38 }
      }
    },
    "fnMap": {
      "0": {
        "name": "(anonymous_7)",
        "decl": {
          "start": { "line": 14, "column": 31 },
          "end": { "line": 14, "column": 38 }
        },
        "loc": {
          "start": { "line": 14, "column": 69 },
          "end": { "line": 23, "column": 2 }
        }
      },
      "1": {
        "name": "(anonymous_8)",
        "decl": {
          "start": { "line": 14, "column": 69 },
          "end": { "line": 14, "column": null }
        },
        "loc": {
          "start": { "line": 14, "column": 69 },
          "end": { "line": 23, "column": 1 }
        }
      },
      "2": {
        "name": "(anonymous_9)",
        "decl": {
          "start": { "line": 31, "column": 27 },
          "end": { "line": 31, "column": 34 }
        },
        "loc": {
          "start": { "line": 31, "column": 65 },
          "end": { "line": 45, "column": 2 }
        }
      },
      "3": {
        "name": "(anonymous_10)",
        "decl": {
          "start": { "line": 31, "column": 65 },
          "end": { "line": 31, "column": null }
        },
        "loc": {
          "start": { "line": 31, "column": 65 },
          "end": { "line": 45, "column": 1 }
        }
      },
      "4": {
        "name": "(anonymous_11)",
        "decl": {
          "start": { "line": 53, "column": 31 },
          "end": { "line": 53, "column": 38 }
        },
        "loc": {
          "start": { "line": 53, "column": 69 },
          "end": { "line": 66, "column": 2 }
        }
      },
      "5": {
        "name": "(anonymous_12)",
        "decl": {
          "start": { "line": 53, "column": 69 },
          "end": { "line": 53, "column": null }
        },
        "loc": {
          "start": { "line": 53, "column": 69 },
          "end": { "line": 66, "column": 1 }
        }
      },
      "6": {
        "name": "(anonymous_13)",
        "decl": {
          "start": { "line": 75, "column": 34 },
          "end": { "line": 75, "column": 41 }
        },
        "loc": {
          "start": { "line": 75, "column": 72 },
          "end": { "line": 89, "column": 2 }
        }
      },
      "7": {
        "name": "(anonymous_14)",
        "decl": {
          "start": { "line": 75, "column": 72 },
          "end": { "line": 75, "column": null }
        },
        "loc": {
          "start": { "line": 75, "column": 72 },
          "end": { "line": 89, "column": 1 }
        }
      },
      "8": {
        "name": "(anonymous_15)",
        "decl": {
          "start": { "line": 97, "column": 34 },
          "end": { "line": 97, "column": 41 }
        },
        "loc": {
          "start": { "line": 97, "column": 72 },
          "end": { "line": 111, "column": 2 }
        }
      },
      "9": {
        "name": "(anonymous_16)",
        "decl": {
          "start": { "line": 97, "column": 72 },
          "end": { "line": 97, "column": null }
        },
        "loc": {
          "start": { "line": 97, "column": 72 },
          "end": { "line": 111, "column": 1 }
        }
      },
      "10": {
        "name": "(anonymous_17)",
        "decl": {
          "start": { "line": 119, "column": 38 },
          "end": { "line": 119, "column": 45 }
        },
        "loc": {
          "start": { "line": 119, "column": 76 },
          "end": { "line": 130, "column": 2 }
        }
      },
      "11": {
        "name": "(anonymous_18)",
        "decl": {
          "start": { "line": 119, "column": 76 },
          "end": { "line": 119, "column": null }
        },
        "loc": {
          "start": { "line": 119, "column": 76 },
          "end": { "line": 130, "column": 1 }
        }
      }
    },
    "branchMap": {
      "0": {
        "loc": {
          "start": { "line": 33, "column": 4 },
          "end": { "line": 36, "column": 5 }
        },
        "type": "if",
        "locations": [
          {
            "start": { "line": 33, "column": 4 },
            "end": { "line": 36, "column": 5 }
          }
        ]
      },
      "1": {
        "loc": {
          "start": { "line": 57, "column": 4 },
          "end": { "line": 60, "column": 5 }
        },
        "type": "if",
        "locations": [
          {
            "start": { "line": 57, "column": 4 },
            "end": { "line": 60, "column": 5 }
          }
        ]
      },
      "2": {
        "loc": {
          "start": { "line": 79, "column": 4 },
          "end": { "line": 82, "column": 5 }
        },
        "type": "if",
        "locations": [
          {
            "start": { "line": 79, "column": 4 },
            "end": { "line": 82, "column": 5 }
          }
        ]
      },
      "3": {
        "loc": {
          "start": { "line": 101, "column": 4 },
          "end": { "line": 104, "column": 5 }
        },
        "type": "if",
        "locations": [
          {
            "start": { "line": 101, "column": 4 },
            "end": { "line": 104, "column": 5 }
          }
        ]
      }
    },
    "s": {
      "0": 1,
      "1": 1,
      "2": 2,
      "3": 2,
      "4": 2,
      "5": 2,
      "6": 1,
      "7": 1,
      "8": 1,
      "9": 1,
      "10": 1,
      "11": 2,
      "12": 2,
      "13": 2,
      "14": 0,
      "15": 0,
      "16": 2,
      "17": 2,
      "18": 0,
      "19": 0,
      "20": 2,
      "21": 2,
      "22": 1,
      "23": 1,
      "24": 3,
      "25": 3,
      "26": 3,
      "27": 3,
      "28": 2,
      "29": 1,
      "30": 1,
      "31": 1,
      "32": 1,
      "33": 1,
      "34": 1,
      "35": 1,
      "36": 3,
      "37": 3,
      "38": 3,
      "39": 3,
      "40": 3,
      "41": 1,
      "42": 1,
      "43": 2,
      "44": 1,
      "45": 1,
      "46": 1,
      "47": 1,
      "48": 1,
      "49": 3,
      "50": 3,
      "51": 3,
      "52": 3,
      "53": 3,
      "54": 1,
      "55": 1,
      "56": 2,
      "57": 1,
      "58": 1,
      "59": 1,
      "60": 1,
      "61": 1,
      "62": 2,
      "63": 2,
      "64": 2,
      "65": 2,
      "66": 1,
      "67": 1,
      "68": 1,
      "69": 1
    },
    "f": {
      "0": 2,
      "1": 2,
      "2": 2,
      "3": 2,
      "4": 3,
      "5": 3,
      "6": 3,
      "7": 3,
      "8": 3,
      "9": 3,
      "10": 2,
      "11": 2
    },
    "b": { "0": [0], "1": [1], "2": [1], "3": [1] }
  },
  "/Users/colterpurcell/Documents/GitHub/CSC308/CSC308_TeamProject/backend/src/controllers/spotifyController.ts": {
    "path": "/Users/colterpurcell/Documents/GitHub/CSC308/CSC308_TeamProject/backend/src/controllers/spotifyController.ts",
    "statementMap": {
      "0": {
        "start": { "line": 2, "column": 0 },
        "end": { "line": 2, "column": 26 }
      },
      "1": {
        "start": { "line": 15, "column": 30 },
        "end": { "line": 30, "column": 2 }
      },
      "2": {
        "start": { "line": 15, "column": 68 },
        "end": { "line": 30, "column": 2 }
      },
      "3": {
        "start": { "line": 16, "column": 18 },
        "end": { "line": 18, "column": 4 }
      },
      "4": {
        "start": { "line": 19, "column": 2 },
        "end": { "line": 29, "column": 3 }
      },
      "5": {
        "start": { "line": 20, "column": 21 },
        "end": { "line": 24, "column": 6 }
      },
      "6": {
        "start": { "line": 25, "column": 4 },
        "end": { "line": 25, "column": 40 }
      },
      "7": {
        "start": { "line": 27, "column": 4 },
        "end": { "line": 27, "column": 55 }
      },
      "8": {
        "start": { "line": 28, "column": 4 },
        "end": { "line": 28, "column": 56 }
      },
      "9": {
        "start": { "line": 15, "column": 13 },
        "end": { "line": 15, "column": 30 }
      },
      "10": {
        "start": { "line": 32, "column": 30 },
        "end": { "line": 50, "column": 2 }
      },
      "11": {
        "start": { "line": 32, "column": 68 },
        "end": { "line": 50, "column": 2 }
      },
      "12": {
        "start": { "line": 33, "column": 2 },
        "end": { "line": 49, "column": 3 }
      },
      "13": {
        "start": { "line": 34, "column": 20 },
        "end": { "line": 36, "column": 6 }
      },
      "14": {
        "start": { "line": 37, "column": 21 },
        "end": { "line": 43, "column": null }
      },
      "15": {
        "start": { "line": 45, "column": 4 },
        "end": { "line": 45, "column": 40 }
      },
      "16": {
        "start": { "line": 47, "column": 4 },
        "end": { "line": 47, "column": 52 }
      },
      "17": {
        "start": { "line": 48, "column": 4 },
        "end": { "line": 48, "column": 53 }
      },
      "18": {
        "start": { "line": 32, "column": 13 },
        "end": { "line": 32, "column": 30 }
      },
      "19": {
        "start": { "line": 52, "column": 27 },
        "end": { "line": 68, "column": 2 }
      },
      "20": {
        "start": { "line": 52, "column": 65 },
        "end": { "line": 68, "column": 2 }
      },
      "21": {
        "start": { "line": 53, "column": 18 },
        "end": { "line": 55, "column": 4 }
      },
      "22": {
        "start": { "line": 56, "column": 2 },
        "end": { "line": 56, "column": 35 }
      },
      "23": {
        "start": { "line": 57, "column": 2 },
        "end": { "line": 67, "column": 3 }
      },
      "24": {
        "start": { "line": 58, "column": 21 },
        "end": { "line": 62, "column": 6 }
      },
      "25": {
        "start": { "line": 63, "column": 4 },
        "end": { "line": 63, "column": 40 }
      },
      "26": {
        "start": { "line": 65, "column": 4 },
        "end": { "line": 65, "column": 52 }
      },
      "27": {
        "start": { "line": 66, "column": 4 },
        "end": { "line": 66, "column": 53 }
      },
      "28": {
        "start": { "line": 52, "column": 13 },
        "end": { "line": 52, "column": 27 }
      },
      "29": {
        "start": { "line": 70, "column": 28 },
        "end": { "line": 89, "column": 2 }
      },
      "30": {
        "start": { "line": 70, "column": 66 },
        "end": { "line": 89, "column": 2 }
      },
      "31": {
        "start": { "line": 71, "column": 18 },
        "end": { "line": 74, "column": 4 }
      },
      "32": {
        "start": { "line": 75, "column": 2 },
        "end": { "line": 88, "column": 3 }
      },
      "33": {
        "start": { "line": 76, "column": 21 },
        "end": { "line": 82, "column": null }
      },
      "34": {
        "start": { "line": 84, "column": 4 },
        "end": { "line": 84, "column": 40 }
      },
      "35": {
        "start": { "line": 86, "column": 4 },
        "end": { "line": 86, "column": 52 }
      },
      "36": {
        "start": { "line": 87, "column": 4 },
        "end": { "line": 87, "column": 53 }
      },
      "37": {
        "start": { "line": 70, "column": 13 },
        "end": { "line": 70, "column": 28 }
      },
      "38": {
        "start": { "line": 91, "column": 33 },
        "end": { "line": 123, "column": 2 }
      },
      "39": {
        "start": { "line": 95, "column": 19 },
        "end": { "line": 123, "column": 2 }
      },
      "40": {
        "start": { "line": 96, "column": 2 },
        "end": { "line": 122, "column": 3 }
      },
      "41": {
        "start": { "line": 98, "column": 25 },
        "end": { "line": 98, "column": 50 }
      },
      "42": {
        "start": { "line": 99, "column": 23 },
        "end": { "line": 99, "column": 44 }
      },
      "43": {
        "start": { "line": 101, "column": 4 },
        "end": { "line": 104, "column": 5 }
      },
      "44": {
        "start": { "line": 102, "column": 6 },
        "end": { "line": 102, "column": 55 }
      },
      "45": {
        "start": { "line": 103, "column": 6 },
        "end": { "line": 103, "column": 13 }
      },
      "46": {
        "start": { "line": 107, "column": 21 },
        "end": { "line": 113, "column": null }
      },
      "47": {
        "start": { "line": 117, "column": 4 },
        "end": { "line": 117, "column": 40 }
      },
      "48": {
        "start": { "line": 119, "column": 4 },
        "end": { "line": 119, "column": 58 }
      },
      "49": {
        "start": { "line": 121, "column": 4 },
        "end": { "line": 121, "column": 59 }
      },
      "50": {
        "start": { "line": 91, "column": 13 },
        "end": { "line": 91, "column": 33 }
      },
      "51": {
        "start": { "line": 125, "column": 26 },
        "end": { "line": 143, "column": 2 }
      },
      "52": {
        "start": { "line": 125, "column": 64 },
        "end": { "line": 143, "column": 2 }
      },
      "53": {
        "start": { "line": 126, "column": 18 },
        "end": { "line": 128, "column": 4 }
      },
      "54": {
        "start": { "line": 129, "column": 2 },
        "end": { "line": 142, "column": 3 }
      },
      "55": {
        "start": { "line": 130, "column": 21 },
        "end": { "line": 136, "column": null }
      },
      "56": {
        "start": { "line": 138, "column": 4 },
        "end": { "line": 138, "column": 40 }
      },
      "57": {
        "start": { "line": 140, "column": 4 },
        "end": { "line": 140, "column": 50 }
      },
      "58": {
        "start": { "line": 141, "column": 4 },
        "end": { "line": 141, "column": 51 }
      },
      "59": {
        "start": { "line": 125, "column": 13 },
        "end": { "line": 125, "column": 26 }
      },
      "60": {
        "start": { "line": 145, "column": 32 },
        "end": { "line": 164, "column": 2 }
      },
      "61": {
        "start": { "line": 145, "column": 70 },
        "end": { "line": 164, "column": 2 }
      },
      "62": {
        "start": { "line": 146, "column": 18 },
        "end": { "line": 149, "column": 4 }
      },
      "63": {
        "start": { "line": 150, "column": 2 },
        "end": { "line": 163, "column": 3 }
      },
      "64": {
        "start": { "line": 151, "column": 21 },
        "end": { "line": 157, "column": null }
      },
      "65": {
        "start": { "line": 159, "column": 4 },
        "end": { "line": 159, "column": 40 }
      },
      "66": {
        "start": { "line": 161, "column": 4 },
        "end": { "line": 161, "column": 57 }
      },
      "67": {
        "start": { "line": 162, "column": 4 },
        "end": { "line": 162, "column": 58 }
      },
      "68": {
        "start": { "line": 145, "column": 13 },
        "end": { "line": 145, "column": 32 }
      },
      "69": {
        "start": { "line": 166, "column": 37 },
        "end": { "line": 186, "column": 2 }
      },
      "70": {
        "start": { "line": 166, "column": 75 },
        "end": { "line": 186, "column": 2 }
      },
      "71": {
        "start": { "line": 167, "column": 18 },
        "end": { "line": 171, "column": 4 }
      },
      "72": {
        "start": { "line": 172, "column": 2 },
        "end": { "line": 185, "column": 3 }
      },
      "73": {
        "start": { "line": 173, "column": 21 },
        "end": { "line": 179, "column": null }
      },
      "74": {
        "start": { "line": 181, "column": 4 },
        "end": { "line": 181, "column": 40 }
      },
      "75": {
        "start": { "line": 183, "column": 4 },
        "end": { "line": 183, "column": 63 }
      },
      "76": {
        "start": { "line": 184, "column": 4 },
        "end": { "line": 184, "column": 64 }
      },
      "77": {
        "start": { "line": 166, "column": 13 },
        "end": { "line": 166, "column": 37 }
      },
      "78": {
        "start": { "line": 188, "column": 29 },
        "end": { "line": 215, "column": 2 }
      },
      "79": {
        "start": { "line": 192, "column": 4 },
        "end": { "line": 215, "column": 2 }
      },
      "80": {
        "start": { "line": 193, "column": 2 },
        "end": { "line": 214, "column": 3 }
      },
      "81": {
        "start": { "line": 194, "column": 25 },
        "end": { "line": 194, "column": 65 }
      },
      "82": {
        "start": { "line": 195, "column": 21 },
        "end": { "line": 195, "column": 40 }
      },
      "83": {
        "start": { "line": 197, "column": 4 },
        "end": { "line": 200, "column": 5 }
      },
      "84": {
        "start": { "line": 198, "column": 6 },
        "end": { "line": 198, "column": 55 }
      },
      "85": {
        "start": { "line": 199, "column": 6 },
        "end": { "line": 199, "column": 13 }
      },
      "86": {
        "start": { "line": 202, "column": 21 },
        "end": { "line": 208, "column": null }
      },
      "87": {
        "start": { "line": 210, "column": 4 },
        "end": { "line": 210, "column": 40 }
      },
      "88": {
        "start": { "line": 212, "column": 4 },
        "end": { "line": 212, "column": 54 }
      },
      "89": {
        "start": { "line": 213, "column": 4 },
        "end": { "line": 213, "column": 55 }
      },
      "90": {
        "start": { "line": 188, "column": 13 },
        "end": { "line": 188, "column": 29 }
      },
      "91": {
        "start": { "line": 217, "column": 37 },
        "end": { "line": 244, "column": 2 }
      },
      "92": {
        "start": { "line": 221, "column": 4 },
        "end": { "line": 244, "column": 2 }
      },
      "93": {
        "start": { "line": 222, "column": 2 },
        "end": { "line": 243, "column": 3 }
      },
      "94": {
        "start": { "line": 223, "column": 25 },
        "end": { "line": 223, "column": 65 }
      },
      "95": {
        "start": { "line": 224, "column": 22 },
        "end": { "line": 224, "column": 59 }
      },
      "96": {
        "start": { "line": 226, "column": 4 },
        "end": { "line": 229, "column": 5 }
      },
      "97": {
        "start": { "line": 227, "column": 6 },
        "end": { "line": 227, "column": 55 }
      },
      "98": {
        "start": { "line": 228, "column": 6 },
        "end": { "line": 228, "column": 13 }
      },
      "99": {
        "start": { "line": 231, "column": 21 },
        "end": { "line": 237, "column": null }
      },
      "100": {
        "start": { "line": 239, "column": 4 },
        "end": { "line": 239, "column": 40 }
      },
      "101": {
        "start": { "line": 241, "column": 4 },
        "end": { "line": 241, "column": 54 }
      },
      "102": {
        "start": { "line": 242, "column": 4 },
        "end": { "line": 242, "column": 55 }
      },
      "103": {
        "start": { "line": 217, "column": 13 },
        "end": { "line": 217, "column": 37 }
      }
    },
    "fnMap": {
      "0": {
        "name": "(anonymous_8)",
        "decl": {
          "start": { "line": 15, "column": 30 },
          "end": { "line": 15, "column": 37 }
        },
        "loc": {
          "start": { "line": 15, "column": 68 },
          "end": { "line": 30, "column": 2 }
        }
      },
      "1": {
        "name": "(anonymous_9)",
        "decl": {
          "start": { "line": 15, "column": 68 },
          "end": { "line": 15, "column": null }
        },
        "loc": {
          "start": { "line": 15, "column": 68 },
          "end": { "line": 30, "column": 1 }
        }
      },
      "2": {
        "name": "(anonymous_10)",
        "decl": {
          "start": { "line": 32, "column": 30 },
          "end": { "line": 32, "column": 37 }
        },
        "loc": {
          "start": { "line": 32, "column": 68 },
          "end": { "line": 50, "column": 2 }
        }
      },
      "3": {
        "name": "(anonymous_11)",
        "decl": {
          "start": { "line": 32, "column": 68 },
          "end": { "line": 32, "column": null }
        },
        "loc": {
          "start": { "line": 32, "column": 68 },
          "end": { "line": 50, "column": 1 }
        }
      },
      "4": {
        "name": "(anonymous_12)",
        "decl": {
          "start": { "line": 52, "column": 27 },
          "end": { "line": 52, "column": 34 }
        },
        "loc": {
          "start": { "line": 52, "column": 65 },
          "end": { "line": 68, "column": 2 }
        }
      },
      "5": {
        "name": "(anonymous_13)",
        "decl": {
          "start": { "line": 52, "column": 65 },
          "end": { "line": 52, "column": null }
        },
        "loc": {
          "start": { "line": 52, "column": 65 },
          "end": { "line": 68, "column": 1 }
        }
      },
      "6": {
        "name": "(anonymous_14)",
        "decl": {
          "start": { "line": 70, "column": 28 },
          "end": { "line": 70, "column": 35 }
        },
        "loc": {
          "start": { "line": 70, "column": 66 },
          "end": { "line": 89, "column": 2 }
        }
      },
      "7": {
        "name": "(anonymous_15)",
        "decl": {
          "start": { "line": 70, "column": 66 },
          "end": { "line": 70, "column": null }
        },
        "loc": {
          "start": { "line": 70, "column": 66 },
          "end": { "line": 89, "column": 1 }
        }
      },
      "8": {
        "name": "(anonymous_16)",
        "decl": {
          "start": { "line": 91, "column": 33 },
          "end": { "line": 91, "column": null }
        },
        "loc": {
          "start": { "line": 95, "column": 19 },
          "end": { "line": 123, "column": 2 }
        }
      },
      "9": {
        "name": "(anonymous_17)",
        "decl": {
          "start": { "line": 95, "column": 19 },
          "end": { "line": 95, "column": null }
        },
        "loc": {
          "start": { "line": 95, "column": 19 },
          "end": { "line": 123, "column": 1 }
        }
      },
      "10": {
        "name": "(anonymous_18)",
        "decl": {
          "start": { "line": 125, "column": 26 },
          "end": { "line": 125, "column": 33 }
        },
        "loc": {
          "start": { "line": 125, "column": 64 },
          "end": { "line": 143, "column": 2 }
        }
      },
      "11": {
        "name": "(anonymous_19)",
        "decl": {
          "start": { "line": 125, "column": 64 },
          "end": { "line": 125, "column": null }
        },
        "loc": {
          "start": { "line": 125, "column": 64 },
          "end": { "line": 143, "column": 1 }
        }
      },
      "12": {
        "name": "(anonymous_20)",
        "decl": {
          "start": { "line": 145, "column": 32 },
          "end": { "line": 145, "column": 39 }
        },
        "loc": {
          "start": { "line": 145, "column": 70 },
          "end": { "line": 164, "column": 2 }
        }
      },
      "13": {
        "name": "(anonymous_21)",
        "decl": {
          "start": { "line": 145, "column": 70 },
          "end": { "line": 145, "column": null }
        },
        "loc": {
          "start": { "line": 145, "column": 70 },
          "end": { "line": 164, "column": 1 }
        }
      },
      "14": {
        "name": "(anonymous_22)",
        "decl": {
          "start": { "line": 166, "column": 37 },
          "end": { "line": 166, "column": 44 }
        },
        "loc": {
          "start": { "line": 166, "column": 75 },
          "end": { "line": 186, "column": 2 }
        }
      },
      "15": {
        "name": "(anonymous_23)",
        "decl": {
          "start": { "line": 166, "column": 75 },
          "end": { "line": 166, "column": null }
        },
        "loc": {
          "start": { "line": 166, "column": 75 },
          "end": { "line": 186, "column": 1 }
        }
      },
      "16": {
        "name": "(anonymous_24)",
        "decl": {
          "start": { "line": 188, "column": 29 },
          "end": { "line": 188, "column": null }
        },
        "loc": {
          "start": { "line": 192, "column": 4 },
          "end": { "line": 215, "column": 2 }
        }
      },
      "17": {
        "name": "(anonymous_25)",
        "decl": {
          "start": { "line": 192, "column": 4 },
          "end": { "line": 192, "column": null }
        },
        "loc": {
          "start": { "line": 192, "column": 4 },
          "end": { "line": 215, "column": 1 }
        }
      },
      "18": {
        "name": "(anonymous_26)",
        "decl": {
          "start": { "line": 217, "column": 37 },
          "end": { "line": 217, "column": null }
        },
        "loc": {
          "start": { "line": 221, "column": 4 },
          "end": { "line": 244, "column": 2 }
        }
      },
      "19": {
        "name": "(anonymous_27)",
        "decl": {
          "start": { "line": 221, "column": 4 },
          "end": { "line": 221, "column": null }
        },
        "loc": {
          "start": { "line": 221, "column": 4 },
          "end": { "line": 244, "column": 1 }
        }
      }
    },
    "branchMap": {
      "0": {
        "loc": {
          "start": { "line": 54, "column": 18 },
          "end": { "line": 54, "column": 65 }
        },
        "type": "binary-expr",
        "locations": [
          {
            "start": { "line": 54, "column": 18 },
            "end": { "line": 54, "column": 40 }
          },
          {
            "start": { "line": 54, "column": 44 },
            "end": { "line": 54, "column": 65 }
          }
        ]
      },
      "1": {
        "loc": {
          "start": { "line": 101, "column": 4 },
          "end": { "line": 104, "column": 5 }
        },
        "type": "if",
        "locations": [
          {
            "start": { "line": 101, "column": 4 },
            "end": { "line": 104, "column": 5 }
          }
        ]
      },
      "2": {
        "loc": {
          "start": { "line": 194, "column": 25 },
          "end": { "line": 194, "column": 65 }
        },
        "type": "cond-expr",
        "locations": [
          {
            "start": { "line": 194, "column": 50 },
            "end": { "line": 194, "column": 52 }
          },
          {
            "start": { "line": 194, "column": 50 },
            "end": { "line": 194, "column": 65 }
          }
        ]
      },
      "3": {
        "loc": {
          "start": { "line": 194, "column": 25 },
          "end": { "line": 194, "column": 52 }
        },
        "type": "binary-expr",
        "locations": [
          {
            "start": { "line": 194, "column": 25 },
            "end": { "line": 194, "column": 52 }
          },
          {
            "start": { "line": 194, "column": 50 },
            "end": { "line": 194, "column": 52 }
          }
        ]
      },
      "4": {
        "loc": {
          "start": { "line": 197, "column": 4 },
          "end": { "line": 200, "column": 5 }
        },
        "type": "if",
        "locations": [
          {
            "start": { "line": 197, "column": 4 },
            "end": { "line": 200, "column": 5 }
          }
        ]
      },
      "5": {
        "loc": {
          "start": { "line": 223, "column": 25 },
          "end": { "line": 223, "column": 65 }
        },
        "type": "cond-expr",
        "locations": [
          {
            "start": { "line": 223, "column": 50 },
            "end": { "line": 223, "column": 52 }
          },
          {
            "start": { "line": 223, "column": 50 },
            "end": { "line": 223, "column": 65 }
          }
        ]
      },
      "6": {
        "loc": {
          "start": { "line": 223, "column": 25 },
          "end": { "line": 223, "column": 52 }
        },
        "type": "binary-expr",
        "locations": [
          {
            "start": { "line": 223, "column": 25 },
            "end": { "line": 223, "column": 52 }
          },
          {
            "start": { "line": 223, "column": 50 },
            "end": { "line": 223, "column": 52 }
          }
        ]
      },
      "7": {
        "loc": {
          "start": { "line": 224, "column": 22 },
          "end": { "line": 224, "column": 59 }
        },
        "type": "cond-expr",
        "locations": [
          {
            "start": { "line": 224, "column": 47 },
            "end": { "line": 224, "column": 49 }
          },
          {
            "start": { "line": 224, "column": 47 },
            "end": { "line": 224, "column": 59 }
          }
        ]
      },
      "8": {
        "loc": {
          "start": { "line": 224, "column": 22 },
          "end": { "line": 224, "column": 49 }
        },
        "type": "binary-expr",
        "locations": [
          {
            "start": { "line": 224, "column": 22 },
            "end": { "line": 224, "column": 49 }
          },
          {
            "start": { "line": 224, "column": 47 },
            "end": { "line": 224, "column": 49 }
          }
        ]
      },
      "9": {
        "loc": {
          "start": { "line": 226, "column": 4 },
          "end": { "line": 229, "column": 5 }
        },
        "type": "if",
        "locations": [
          {
            "start": { "line": 226, "column": 4 },
            "end": { "line": 229, "column": 5 }
          }
        ]
      }
    },
    "s": {
      "0": 0,
      "1": 0,
      "2": 0,
      "3": 0,
      "4": 0,
      "5": 0,
      "6": 0,
      "7": 0,
      "8": 0,
      "9": 0,
      "10": 0,
      "11": 0,
      "12": 0,
      "13": 0,
      "14": 0,
      "15": 0,
      "16": 0,
      "17": 0,
      "18": 0,
      "19": 0,
      "20": 0,
      "21": 0,
      "22": 0,
      "23": 0,
      "24": 0,
      "25": 0,
      "26": 0,
      "27": 0,
      "28": 0,
      "29": 0,
      "30": 0,
      "31": 0,
      "32": 0,
      "33": 0,
      "34": 0,
      "35": 0,
      "36": 0,
      "37": 0,
      "38": 0,
      "39": 0,
      "40": 0,
      "41": 0,
      "42": 0,
      "43": 0,
      "44": 0,
      "45": 0,
      "46": 0,
      "47": 0,
      "48": 0,
      "49": 0,
      "50": 0,
      "51": 0,
      "52": 0,
      "53": 0,
      "54": 0,
      "55": 0,
      "56": 0,
      "57": 0,
      "58": 0,
      "59": 0,
      "60": 0,
      "61": 0,
      "62": 0,
      "63": 0,
      "64": 0,
      "65": 0,
      "66": 0,
      "67": 0,
      "68": 0,
      "69": 0,
      "70": 0,
      "71": 0,
      "72": 0,
      "73": 0,
      "74": 0,
      "75": 0,
      "76": 0,
      "77": 0,
      "78": 0,
      "79": 0,
      "80": 0,
      "81": 0,
      "82": 0,
      "83": 0,
      "84": 0,
      "85": 0,
      "86": 0,
      "87": 0,
      "88": 0,
      "89": 0,
      "90": 0,
      "91": 0,
      "92": 0,
      "93": 0,
      "94": 0,
      "95": 0,
      "96": 0,
      "97": 0,
      "98": 0,
      "99": 0,
      "100": 0,
      "101": 0,
      "102": 0,
      "103": 0
    },
    "f": {
      "0": 0,
      "1": 0,
      "2": 0,
      "3": 0,
      "4": 0,
      "5": 0,
      "6": 0,
      "7": 0,
      "8": 0,
      "9": 0,
      "10": 0,
      "11": 0,
      "12": 0,
      "13": 0,
      "14": 0,
      "15": 0,
      "16": 0,
      "17": 0,
      "18": 0,
      "19": 0
    },
    "b": {
      "0": [0, 0],
      "1": [0],
      "2": [0, 0],
      "3": [0, 0],
      "4": [0],
      "5": [0, 0],
      "6": [0, 0],
      "7": [0, 0],
      "8": [0, 0],
      "9": [0]
    }
  },
  "/Users/colterpurcell/Documents/GitHub/CSC308/CSC308_TeamProject/backend/src/middleware/auth.ts": {
    "path": "/Users/colterpurcell/Documents/GitHub/CSC308/CSC308_TeamProject/backend/src/middleware/auth.ts",
    "statementMap": {
      "0": {
        "start": { "line": 11, "column": 0 },
        "end": { "line": 11, "column": 22 }
      },
      "1": {
        "start": { "line": 71, "column": 0 },
        "end": { "line": 71, "column": 22 }
      },
      "2": {
        "start": { "line": 112, "column": 0 },
        "end": { "line": 112, "column": 16 }
      },
      "3": {
        "start": { "line": 1, "column": 0 },
        "end": { "line": 1, "column": 28 }
      },
      "4": {
        "start": { "line": 2, "column": 0 },
        "end": { "line": 2, "column": 31 }
      },
      "5": {
        "start": { "line": 4, "column": 0 },
        "end": { "line": 4, "column": 47 }
      },
      "6": {
        "start": { "line": 12, "column": 33 },
        "end": { "line": 12, "column": 41 }
      },
      "7": {
        "start": { "line": 13, "column": 15 },
        "end": { "line": 13, "column": 38 }
      },
      "8": {
        "start": { "line": 14, "column": 2 },
        "end": { "line": 14, "column": 24 }
      },
      "9": {
        "start": { "line": 15, "column": 2 },
        "end": { "line": 42, "column": 3 }
      },
      "10": {
        "start": { "line": 16, "column": 4 },
        "end": { "line": 16, "column": 61 }
      },
      "11": {
        "start": { "line": 19, "column": 25 },
        "end": { "line": 19, "column": 57 }
      },
      "12": {
        "start": { "line": 20, "column": 4 },
        "end": { "line": 41, "column": 5 }
      },
      "13": {
        "start": { "line": 21, "column": 6 },
        "end": { "line": 21, "column": 66 }
      },
      "14": {
        "start": { "line": 22, "column": 6 },
        "end": { "line": 22, "column": 13 }
      },
      "15": {
        "start": { "line": 24, "column": 6 },
        "end": { "line": 24, "column": 34 }
      },
      "16": {
        "start": { "line": 25, "column": 6 },
        "end": { "line": 40, "column": 11 }
      },
      "17": {
        "start": { "line": 27, "column": 24 },
        "end": { "line": 27, "column": 51 }
      },
      "18": {
        "start": { "line": 29, "column": 26 },
        "end": { "line": 29, "column": 74 }
      },
      "19": {
        "start": { "line": 30, "column": 10 },
        "end": { "line": 35, "column": 13 }
      },
      "20": {
        "start": { "line": 31, "column": 12 },
        "end": { "line": 34, "column": 15 }
      },
      "21": {
        "start": { "line": 32, "column": 14 },
        "end": { "line": 32, "column": 43 }
      },
      "22": {
        "start": { "line": 33, "column": 14 },
        "end": { "line": 33, "column": 53 }
      },
      "23": {
        "start": { "line": 38, "column": 10 },
        "end": { "line": 38, "column": 61 }
      },
      "24": {
        "start": { "line": 39, "column": 10 },
        "end": { "line": 39, "column": 56 }
      },
      "25": {
        "start": { "line": 46, "column": 17 },
        "end": { "line": 46, "column": 41 }
      },
      "26": {
        "start": { "line": 48, "column": 2 },
        "end": { "line": 52, "column": 3 }
      },
      "27": {
        "start": { "line": 49, "column": 4 },
        "end": { "line": 51, "column": 6 }
      },
      "28": {
        "start": { "line": 54, "column": 2 },
        "end": { "line": 68, "column": 5 }
      },
      "29": {
        "start": { "line": 55, "column": 4 },
        "end": { "line": 67, "column": 6 }
      },
      "30": {
        "start": { "line": 60, "column": 8 },
        "end": { "line": 65, "column": 9 }
      },
      "31": {
        "start": { "line": 61, "column": 10 },
        "end": { "line": 61, "column": 24 }
      },
      "32": {
        "start": { "line": 63, "column": 10 },
        "end": { "line": 63, "column": 35 }
      },
      "33": {
        "start": { "line": 64, "column": 10 },
        "end": { "line": 64, "column": 36 }
      },
      "34": {
        "start": { "line": 72, "column": 33 },
        "end": { "line": 72, "column": 41 }
      },
      "35": {
        "start": { "line": 73, "column": 15 },
        "end": { "line": 73, "column": 38 }
      },
      "36": {
        "start": { "line": 74, "column": 2 },
        "end": { "line": 74, "column": 24 }
      },
      "37": {
        "start": { "line": 76, "column": 2 },
        "end": { "line": 76, "column": 32 }
      },
      "38": {
        "start": { "line": 77, "column": 2 },
        "end": { "line": 80, "column": 3 }
      },
      "39": {
        "start": { "line": 78, "column": 4 },
        "end": { "line": 78, "column": 61 }
      },
      "40": {
        "start": { "line": 79, "column": 4 },
        "end": { "line": 79, "column": 11 }
      },
      "41": {
        "start": { "line": 81, "column": 2 },
        "end": { "line": 109, "column": 3 }
      },
      "42": {
        "start": { "line": 83, "column": 17 },
        "end": { "line": 83, "column": 69 }
      },
      "43": {
        "start": { "line": 85, "column": 4 },
        "end": { "line": 85, "column": 31 }
      },
      "44": {
        "start": { "line": 86, "column": 4 },
        "end": { "line": 89, "column": 5 }
      },
      "45": {
        "start": { "line": 87, "column": 6 },
        "end": { "line": 87, "column": 73 }
      },
      "46": {
        "start": { "line": 88, "column": 6 },
        "end": { "line": 88, "column": 13 }
      },
      "47": {
        "start": { "line": 92, "column": 28 },
        "end": { "line": 92, "column": 73 }
      },
      "48": {
        "start": { "line": 94, "column": 4 },
        "end": { "line": 94, "column": 52 }
      },
      "49": {
        "start": { "line": 96, "column": 4 },
        "end": { "line": 99, "column": 5 }
      },
      "50": {
        "start": { "line": 97, "column": 6 },
        "end": { "line": 97, "column": 73 }
      },
      "51": {
        "start": { "line": 98, "column": 6 },
        "end": { "line": 98, "column": 13 }
      },
      "52": {
        "start": { "line": 102, "column": 18 },
        "end": { "line": 102, "column": 58 }
      },
      "53": {
        "start": { "line": 105, "column": 4 },
        "end": { "line": 105, "column": 36 }
      },
      "54": {
        "start": { "line": 107, "column": 4 },
        "end": { "line": 107, "column": 48 }
      },
      "55": {
        "start": { "line": 108, "column": 4 },
        "end": { "line": 108, "column": 51 }
      },
      "56": {
        "start": { "line": 117, "column": 21 },
        "end": { "line": 117, "column": 49 }
      },
      "57": {
        "start": { "line": 119, "column": 16 },
        "end": { "line": 119, "column": 26 }
      },
      "58": {
        "start": { "line": 120, "column": 2 },
        "end": { "line": 120, "column": 37 }
      },
      "59": {
        "start": { "line": 122, "column": 2 },
        "end": { "line": 134, "column": 3 }
      },
      "60": {
        "start": { "line": 123, "column": 4 },
        "end": { "line": 123, "column": 37 }
      },
      "61": {
        "start": { "line": 124, "column": 4 },
        "end": { "line": 124, "column": 26 }
      },
      "62": {
        "start": { "line": 126, "column": 4 },
        "end": { "line": 133, "column": 7 }
      },
      "63": {
        "start": { "line": 127, "column": 6 },
        "end": { "line": 132, "column": 7 }
      },
      "64": {
        "start": { "line": 128, "column": 8 },
        "end": { "line": 128, "column": 15 }
      },
      "65": {
        "start": { "line": 130, "column": 8 },
        "end": { "line": 130, "column": 41 }
      },
      "66": {
        "start": { "line": 131, "column": 8 },
        "end": { "line": 131, "column": 30 }
      }
    },
    "fnMap": {
      "0": {
        "name": "registerUser",
        "decl": {
          "start": { "line": 11, "column": 22 },
          "end": { "line": 11, "column": 34 }
        },
        "loc": {
          "start": { "line": 11, "column": 62 },
          "end": { "line": 43, "column": null }
        }
      },
      "1": {
        "name": "(anonymous_10)",
        "decl": {
          "start": { "line": 27, "column": 14 },
          "end": { "line": 27, "column": 15 }
        },
        "loc": {
          "start": { "line": 27, "column": 24 },
          "end": { "line": 27, "column": 51 }
        }
      },
      "2": {
        "name": "(anonymous_11)",
        "decl": {
          "start": { "line": 28, "column": 14 },
          "end": { "line": 28, "column": 15 }
        },
        "loc": {
          "start": { "line": 28, "column": 33 },
          "end": { "line": 36, "column": 9 }
        }
      },
      "3": {
        "name": "(anonymous_12)",
        "decl": {
          "start": { "line": 30, "column": 30 },
          "end": { "line": 30, "column": 33 }
        },
        "loc": {
          "start": { "line": 30, "column": 35 },
          "end": { "line": 35, "column": 11 }
        }
      },
      "4": {
        "name": "(anonymous_13)",
        "decl": {
[...]
      "5": 0,
      "6": 0,
      "7": 0,
      "8": 0,
      "9": 0,
      "10": 0,
      "11": 0,
      "12": 0,
      "13": 0,
      "14": 0,
      "15": 0,
      "16": 0,
      "17": 0,
      "18": 0,
      "19": 0,
      "20": 0,
      "21": 0,
      "22": 0,
      "23": 0,
      "24": 0,
      "25": 0,
      "26": 0,
      "27": 0,
      "28": 0,
      "29": 0,
      "30": 0,
      "31": 0,
      "32": 0,
      "33": 0,
      "34": 0,
      "35": 0,
      "36": 0,
      "37": 0,
      "38": 0,
      "39": 0,
      "40": 0,
      "41": 0,
      "42": 0,
      "43": 0,
      "44": 0,
      "45": 0,
      "46": 0,
      "47": 0,
      "48": 0,
      "49": 0,
      "50": 0,
      "51": 0,
      "52": 0,
      "53": 0,
      "54": 0,
      "55": 0,
      "56": 0,
      "57": 0,
      "58": 0,
      "59": 0,
      "60": 0,
      "61": 0,
      "62": 0,
      "63": 0,
      "64": 0,
      "65": 0,
      "66": 0
    },
    "f": {
      "0": 0,
      "1": 0,
      "2": 0,
      "3": 0,
      "4": 0,
      "5": 0,
      "6": 0,
      "7": 0,
      "8": 0,
      "9": 0,
      "10": 0,
      "11": 0
    },
    "b": {
      "0": [0, 0],
      "1": [0, 0],
      "2": [0, 0],
      "3": [0],
      "4": [0, 0],
      "5": [0],
      "6": [0, 0],
      "7": [0],
      "8": [0],
      "9": [0, 0],
      "10": [0, 0]
    }
  },
  "/Users/colterpurcell/Documents/GitHub/CSC308/CSC308_TeamProject/backend/src/models/Favorites.ts": {
    "path": "/Users/colterpurcell/Documents/GitHub/CSC308/CSC308_TeamProject/backend/src/models/Favorites.ts",
    "statementMap": {
      "0": {
        "start": { "line": 1, "column": 0 },
        "end": { "line": 1, "column": 32 }
      },
      "1": {
        "start": { "line": 9, "column": 13 },
        "end": { "line": 14, "column": 3 }
      }
    },
    "fnMap": {},
    "branchMap": {},
    "s": { "0": 2, "1": 2 },
    "f": {},
    "b": {}
  },
  "/Users/colterpurcell/Documents/GitHub/CSC308/CSC308_TeamProject/backend/src/models/Playlist.ts": {
    "path": "/Users/colterpurcell/Documents/GitHub/CSC308/CSC308_TeamProject/backend/src/models/Playlist.ts",
    "statementMap": {
      "0": {
        "start": { "line": 1, "column": 0 },
        "end": { "line": 1, "column": 32 }
      },
      "1": {
        "start": { "line": 8, "column": 13 },
        "end": { "line": 18, "column": 3 }
      }
    },
    "fnMap": {},
    "branchMap": {},
    "s": { "0": 2, "1": 2 },
    "f": {},
    "b": {}
  },
  "/Users/colterpurcell/Documents/GitHub/CSC308/CSC308_TeamProject/backend/src/models/User.ts": {
    "path": "/Users/colterpurcell/Documents/GitHub/CSC308/CSC308_TeamProject/backend/src/models/User.ts",
    "statementMap": {
      "0": {
        "start": { "line": 1, "column": 0 },
        "end": { "line": 1, "column": 32 }
      },
      "1": {
        "start": { "line": 16, "column": 13 },
        "end": { "line": 27, "column": 3 }
      }
    },
    "fnMap": {},
    "branchMap": {},
    "s": { "0": 2, "1": 2 },
    "f": {},
    "b": {}
  },
  "/Users/colterpurcell/Documents/GitHub/CSC308/CSC308_TeamProject/backend/src/routes/index.ts": {
    "path": "/Users/colterpurcell/Documents/GitHub/CSC308/CSC308_TeamProject/backend/src/routes/index.ts",
    "statementMap": {
      "0": {
        "start": { "line": 1, "column": 0 },
        "end": { "line": 1, "column": 33 }
      },
      "1": {
        "start": { "line": 2, "column": 0 },
        "end": { "line": 2, "column": 42 }
      },
      "2": {
        "start": { "line": 3, "column": 0 },
        "end": { "line": 3, "column": 50 }
      },
      "3": {
        "start": { "line": 4, "column": 0 },
        "end": { "line": 4, "column": 48 }
      },
      "4": {
        "start": { "line": 5, "column": 0 },
        "end": { "line": 5, "column": 44 }
      },
      "5": {
        "start": { "line": 7, "column": 15 },
        "end": { "line": 7, "column": 23 }
      },
      "6": {
        "start": { "line": 10, "column": 0 },
        "end": { "line": 10, "column": 32 }
      },
      "7": {
        "start": { "line": 11, "column": 0 },
        "end": { "line": 11, "column": 40 }
      },
      "8": {
        "start": { "line": 12, "column": 0 },
        "end": { "line": 12, "column": 38 }
      },
      "9": {
        "start": { "line": 13, "column": 0 },
        "end": { "line": 13, "column": 34 }
      },
      "10": {
        "start": { "line": 15, "column": 0 },
        "end": { "line": 15, "column": 22 }
      }
    },
    "fnMap": {},
    "branchMap": {},
    "s": {
      "0": 0,
      "1": 0,
      "2": 0,
      "3": 0,
      "4": 0,
      "5": 0,
      "6": 0,
      "7": 0,
      "8": 0,
      "9": 0,
      "10": 0
    },
    "f": {},
    "b": {}
  },
  "/Users/colterpurcell/Documents/GitHub/CSC308/CSC308_TeamProject/backend/src/routes/api/loginRoutes.ts": {
    "path": "/Users/colterpurcell/Documents/GitHub/CSC308/CSC308_TeamProject/backend/src/routes/api/loginRoutes.ts",
    "statementMap": {
      "0": {
        "start": { "line": 1, "column": 0 },
        "end": { "line": 1, "column": 33 }
      },
      "1": {
        "start": { "line": 2, "column": 0 },
        "end": { "line": 2, "column": 50 }
      },
      "2": {
        "start": { "line": 4, "column": 15 },
        "end": { "line": 4, "column": 23 }
      },
      "3": {
        "start": { "line": 6, "column": 0 },
        "end": { "line": 8, "column": 3 }
      },
      "4": {
        "start": { "line": 7, "column": 2 },
        "end": { "line": 7, "column": 22 }
      },
      "5": {
        "start": { "line": 10, "column": 0 },
        "end": { "line": 10, "column": 22 }
      }
    },
    "fnMap": {
      "0": {
        "name": "(anonymous_0)",
        "decl": {
          "start": { "line": 6, "column": 17 },
          "end": { "line": 6, "column": 18 }
        },
        "loc": {
          "start": { "line": 6, "column": 30 },
          "end": { "line": 8, "column": 1 }
        }
      }
    },
    "branchMap": {},
    "s": { "0": 0, "1": 0, "2": 0, "3": 0, "4": 0, "5": 0 },
    "f": { "0": 0 },
    "b": {}
  },
  "/Users/colterpurcell/Documents/GitHub/CSC308/CSC308_TeamProject/backend/src/routes/api/playlistRoutes.ts": {
    "path": "/Users/colterpurcell/Documents/GitHub/CSC308/CSC308_TeamProject/backend/src/routes/api/playlistRoutes.ts",
    "statementMap": {
      "0": {
        "start": { "line": 1, "column": 0 },
        "end": { "line": 1, "column": 33 }
      },
      "1": {
        "start": { "line": 3, "column": 0 },
        "end": { "line": 3, "column": null }
      },
      "2": {
        "start": { "line": 12, "column": 15 },
        "end": { "line": 12, "column": 23 }
      },
      "3": {
        "start": { "line": 14, "column": 0 },
        "end": { "line": 14, "column": 33 }
      },
      "4": {
        "start": { "line": 15, "column": 0 },
        "end": { "line": 15, "column": 30 }
      },
      "5": {
        "start": { "line": 16, "column": 0 },
        "end": { "line": 16, "column": 44 }
      },
      "6": {
        "start": { "line": 17, "column": 0 },
        "end": { "line": 17, "column": 47 }
      },
      "7": {
        "start": { "line": 18, "column": 0 },
        "end": { "line": 18, "column": 50 }
      },
      "8": {
        "start": { "line": 20, "column": 0 },
        "end": { "line": 20, "column": 22 }
      }
    },
    "fnMap": {},
    "branchMap": {},
    "s": {
      "0": 0,
      "1": 0,
      "2": 0,
      "3": 0,
      "4": 0,
      "5": 0,
      "6": 0,
      "7": 0,
      "8": 0
    },
    "f": {},
    "b": {}
  },
  "/Users/colterpurcell/Documents/GitHub/CSC308/CSC308_TeamProject/backend/src/routes/api/spotifyRoutes.ts": {
    "path": "/Users/colterpurcell/Documents/GitHub/CSC308/CSC308_TeamProject/backend/src/routes/api/spotifyRoutes.ts",
    "statementMap": {
      "0": {
        "start": { "line": 1, "column": 0 },
        "end": { "line": 1, "column": 33 }
      },
      "1": {
        "start": { "line": 3, "column": 0 },
        "end": { "line": 3, "column": null }
      },
      "2": {
        "start": { "line": 15, "column": 0 },
        "end": { "line": 15, "column": 57 }
      },
      "3": {
        "start": { "line": 17, "column": 15 },
        "end": { "line": 17, "column": 23 }
      },
      "4": {
        "start": { "line": 19, "column": 0 },
        "end": { "line": 19, "column": 39 }
      },
      "5": {
        "start": { "line": 20, "column": 0 },
        "end": { "line": 20, "column": 59 }
      },
      "6": {
        "start": { "line": 21, "column": 0 },
        "end": { "line": 21, "column": 35 }
      },
      "7": {
        "start": { "line": 22, "column": 0 },
        "end": { "line": 22, "column": 56 }
      },
      "8": {
        "start": { "line": 23, "column": 0 },
        "end": { "line": 23, "column": 57 }
      },
      "9": {
        "start": { "line": 24, "column": 0 },
        "end": { "line": 24, "column": 73 }
      },
      "10": {
        "start": { "line": 25, "column": 0 },
        "end": { "line": 25, "column": 47 }
      },
      "11": {
        "start": { "line": 26, "column": 0 },
        "end": { "line": 26, "column": 46 }
      },
      "12": {
        "start": { "line": 28, "column": 0 },
        "end": { "line": 28, "column": 22 }
      }
    },
    "fnMap": {},
    "branchMap": {},
    "s": {
      "0": 0,
      "1": 0,
      "2": 0,
      "3": 0,
      "4": 0,
      "5": 0,
      "6": 0,
      "7": 0,
      "8": 0,
      "9": 0,
      "10": 0,
      "11": 0,
      "12": 0
    },
    "f": {},
    "b": {}
  },
  "/Users/colterpurcell/Documents/GitHub/CSC308/CSC308_TeamProject/backend/src/routes/api/userRoutes.ts": {
    "path": "/Users/colterpurcell/Documents/GitHub/CSC308/CSC308_TeamProject/backend/src/routes/api/userRoutes.ts",
    "statementMap": {
      "0": {
        "start": { "line": 1, "column": 0 },
        "end": { "line": 1, "column": 33 }
      },
      "1": {
        "start": { "line": 2, "column": 0 },
        "end": { "line": 2, "column": null }
      },
      "2": {
        "start": { "line": 7, "column": 0 },
        "end": { "line": 7, "column": null }
      },
      "3": {
        "start": { "line": 13, "column": 0 },
        "end": { "line": 13, "column": 78 }
      },
      "4": {
        "start": { "line": 14, "column": 0 },
        "end": { "line": 14, "column": 71 }
      },
      "5": {
        "start": { "line": 16, "column": 15 },
        "end": { "line": 16, "column": 23 }
      },
      "6": {
        "start": { "line": 18, "column": 0 },
        "end": { "line": 18, "column": 29 }
      },
      "7": {
        "start": { "line": 19, "column": 0 },
        "end": { "line": 19, "column": 31 }
      },
      "8": {
        "start": { "line": 21, "column": 0 },
        "end": { "line": 21, "column": 44 }
      },
      "9": {
        "start": { "line": 22, "column": 0 },
        "end": { "line": 22, "column": 47 }
      },
      "10": {
        "start": { "line": 25, "column": 0 },
        "end": { "line": 25, "column": 58 }
      },
      "11": {
        "start": { "line": 26, "column": 0 },
        "end": { "line": 26, "column": 53 }
      },
      "12": {
        "start": { "line": 27, "column": 0 },
        "end": { "line": 27, "column": 49 }
      },
      "13": {
        "start": { "line": 28, "column": 0 },
        "end": { "line": 28, "column": 54 }
      },
      "14": {
        "start": { "line": 29, "column": 0 },
        "end": { "line": 29, "column": 53 }
      },
      "15": {
        "start": { "line": 31, "column": 0 },
        "end": { "line": 31, "column": 22 }
      }
    },
    "fnMap": {},
    "branchMap": {},
    "s": {
      "0": 0,
      "1": 0,
      "2": 0,
      "3": 0,
      "4": 0,
      "5": 0,
      "6": 0,
      "7": 0,
      "8": 0,
      "9": 0,
      "10": 0,
      "11": 0,
      "12": 0,
      "13": 0,
      "14": 0,
      "15": 0
    },
    "f": {},
    "b": {}
  },
  "/Users/colterpurcell/Documents/GitHub/CSC308/CSC308_TeamProject/backend/src/utils/connection.ts": {
    "path": "/Users/colterpurcell/Documents/GitHub/CSC308/CSC308_TeamProject/backend/src/utils/connection.ts",
    "statementMap": {
      "0": {
        "start": { "line": 1, "column": 0 },
        "end": { "line": 1, "column": 32 }
      },
      "1": {
        "start": { "line": 3, "column": 0 },
        "end": { "line": 3, "column": 54 }
      },
      "2": {
        "start": { "line": 5, "column": 0 },
        "end": { "line": 5, "column": 52 }
      },
      "3": {
        "start": { "line": 7, "column": 0 },
        "end": { "line": 7, "column": 44 }
      },
      "4": {
        "start": { "line": 8, "column": 0 },
        "end": { "line": 8, "column": 28 }
      },
      "5": {
        "start": { "line": 10, "column": 45 },
        "end": { "line": 10, "column": 49 }
      },
      "6": {
        "start": { "line": 11, "column": 12 },
        "end": { "line": 11, "column": 49 }
      },
      "7": {
        "start": { "line": 13, "column": 31 },
        "end": { "line": 38, "column": 2 }
      },
      "8": {
        "start": { "line": 13, "column": 72 },
        "end": { "line": 38, "column": 2 }
      },
      "9": {
        "start": { "line": 14, "column": 2 },
        "end": { "line": 16, "column": 3 }
      },
      "10": {
        "start": { "line": 15, "column": 4 },
        "end": { "line": 15, "column": 22 }
      },
      "11": {
        "start": { "line": 18, "column": 20 },
        "end": { "line": 18, "column": 166 }
      },
      "12": {
        "start": { "line": 19, "column": 2 },
        "end": { "line": 22, "column": 3 }
      },
      "13": {
        "start": { "line": 20, "column": 4 },
        "end": { "line": 20, "column": 71 }
      },
      "14": {
        "start": { "line": 21, "column": 4 },
        "end": { "line": 21, "column": 20 }
      },
      "15": {
        "start": { "line": 23, "column": 2 },
        "end": { "line": 37, "column": 3 }
      },
      "16": {
        "start": { "line": 24, "column": 17 },
        "end": { "line": 24, "column": 76 }
      },
      "17": {
        "start": { "line": 27, "column": 4 },
        "end": { "line": 27, "column": 42 }
      },
      "18": {
        "start": { "line": 28, "column": 4 },
        "end": { "line": 28, "column": 54 }
      },
      "19": {
        "start": { "line": 29, "column": 4 },
        "end": { "line": 29, "column": 57 }
      },
      "20": {
        "start": { "line": 31, "column": 4 },
        "end": { "line": 31, "column": 22 }
      },
      "21": {
        "start": { "line": 32, "column": 4 },
        "end": { "line": 32, "column": 45 }
      },
      "22": {
        "start": { "line": 33, "column": 4 },
        "end": { "line": 33, "column": 22 }
      },
      "23": {
        "start": { "line": 35, "column": 4 },
        "end": { "line": 35, "column": 49 }
      },
      "24": {
        "start": { "line": 36, "column": 4 },
        "end": { "line": 36, "column": 20 }
      },
      "25": {
        "start": { "line": 13, "column": 13 },
        "end": { "line": 13, "column": 31 }
      },
      "26": {
        "start": { "line": 40, "column": 24 },
        "end": { "line": 45, "column": 1 }
      },
      "27": {
        "start": { "line": 41, "column": 2 },
        "end": { "line": 43, "column": 3 }
      },
      "28": {
        "start": { "line": 42, "column": 4 },
        "end": { "line": 42, "column": 59 }
      },
      "29": {
        "start": { "line": 44, "column": 2 },
        "end": { "line": 44, "column": 40 }
      },
      "30": {
        "start": { "line": 40, "column": 13 },
        "end": { "line": 40, "column": 24 }
      }
    },
    "fnMap": {
      "0": {
        "name": "(anonymous_8)",
        "decl": {
          "start": { "line": 13, "column": 31 },
          "end": { "line": 13, "column": 70 }
        },
        "loc": {
          "start": { "line": 13, "column": 72 },
          "end": { "line": 38, "column": 2 }
        }
      },
      "1": {
        "name": "(anonymous_9)",
        "decl": {
          "start": { "line": 13, "column": 72 },
          "end": { "line": 13, "column": null }
        },
        "loc": {
          "start": { "line": 13, "column": 72 },
          "end": { "line": 38, "column": 1 }
        }
      },
      "2": {
        "name": "(anonymous_10)",
        "decl": {
          "start": { "line": 40, "column": 24 },
          "end": { "line": 40, "column": 28 }
        },
        "loc": {
          "start": { "line": 40, "column": 68 },
          "end": { "line": 45, "column": 1 }
        }
      }
    },
    "branchMap": {
      "0": {
        "loc": {
          "start": { "line": 14, "column": 2 },
          "end": { "line": 16, "column": 3 }
        },
        "type": "if",
        "locations": [
          {
            "start": { "line": 14, "column": 2 },
            "end": { "line": 16, "column": 3 }
          }
        ]
      },
      "1": {
        "loc": {
          "start": { "line": 18, "column": 54 },
          "end": { "line": 18, "column": 83 }
        },
        "type": "cond-expr",
        "locations": [
          {
            "start": { "line": 18, "column": 64 },
            "end": { "line": 18, "column": 66 }
          },
          {
            "start": { "line": 18, "column": 64 },
            "end": { "line": 18, "column": 83 }
          }
        ]
      },
      "2": {
        "loc": {
          "start": { "line": 18, "column": 54 },
          "end": { "line": 18, "column": 66 }
        },
        "type": "binary-expr",
        "locations": [
          {
            "start": { "line": 18, "column": 54 },
            "end": { "line": 18, "column": 66 }
          },
          {
            "start": { "line": 18, "column": 64 },
            "end": { "line": 18, "column": 66 }
          }
        ]
      },
      "3": {
        "loc": {
          "start": { "line": 19, "column": 2 },
          "end": { "line": 22, "column": 3 }
        },
        "type": "if",
        "locations": [
          {
            "start": { "line": 19, "column": 2 },
            "end": { "line": 22, "column": 3 }
          }
        ]
      },
      "4": {
        "loc": {
          "start": { "line": 19, "column": 7 },
          "end": { "line": 19, "column": 36 }
        },
        "type": "cond-expr",
        "locations": [
          {
            "start": { "line": 19, "column": 17 },
            "end": { "line": 19, "column": 19 }
          },
          {
            "start": { "line": 19, "column": 17 },
            "end": { "line": 19, "column": 36 }
          }
        ]
      },
      "5": {
        "loc": {
          "start": { "line": 19, "column": 7 },
          "end": { "line": 19, "column": 19 }
        },
        "type": "binary-expr",
        "locations": [
          {
            "start": { "line": 19, "column": 7 },
            "end": { "line": 19, "column": 19 }
          },
          {
            "start": { "line": 19, "column": 17 },
            "end": { "line": 19, "column": 19 }
          }
        ]
      },
      "6": {
        "loc": {
          "start": { "line": 41, "column": 2 },
          "end": { "line": 43, "column": 3 }
        },
        "type": "if",
        "locations": [
          {
            "start": { "line": 41, "column": 2 },
            "end": { "line": 43, "column": 3 }
          }
        ]
      }
    },
    "s": {
      "0": 2,
      "1": 2,
      "2": 2,
      "3": 2,
      "4": 2,
      "5": 2,
      "6": 2,
      "7": 2,
      "8": 0,
      "9": 0,
      "10": 0,
      "11": 0,
      "12": 0,
      "13": 0,
      "14": 0,
      "15": 0,
      "16": 0,
      "17": 0,
      "18": 0,
      "19": 0,
      "20": 0,
      "21": 0,
      "22": 0,
      "23": 0,
      "24": 0,
      "25": 2,
      "26": 2,
      "27": 0,
      "28": 0,
      "29": 0,
      "30": 2
    },
    "f": { "0": 0, "1": 0, "2": 0 },
    "b": {
      "0": [0],
      "1": [0, 0],
      "2": [0, 0],
      "3": [0],
      "4": [0, 0],
      "5": [0, 0],
      "6": [0]
    }
  }
}
