TN:
SF:src/backend.ts
FN:27,(anonymous_8)
FN:27,(anonymous_9)
FN:34,(anonymous_10)
FN:38,(anonymous_11)
FNF:4
FNH:0
FNDA:0,(anonymous_8)
FNDA:0,(anonymous_9)
FNDA:0,(anonymous_10)
FNDA:0,(anonymous_11)
DA:1,0
DA:2,0
DA:3,0
DA:4,0
DA:5,0
DA:6,0
DA:11,0
DA:13,0
DA:14,0
DA:16,0
DA:19,0
DA:20,0
DA:23,0
DA:24,0
DA:27,0
DA:28,0
DA:31,0
DA:34,0
DA:35,0
DA:38,0
DA:39,0
DA:43,0
LF:22
LH:0
BRDA:13,0,0,0
BRDA:13,0,1,0
BRDA:20,1,0,0
BRDA:20,1,1,0
BRF:4
BRH:0
end_of_record
TN:
SF:src/controllers/UserController.ts
FN:11,(anonymous_7)
FN:11,(anonymous_8)
FN:32,(anonymous_9)
FN:32,(anonymous_10)
FN:58,(anonymous_11)
FN:58,(anonymous_12)
FN:84,(anonymous_13)
FN:84,(anonymous_14)
FN:106,(anonymous_15)
FN:106,(anonymous_16)
FNF:10
FNH:10
FNDA:2,(anonymous_7)
FNDA:2,(anonymous_8)
FNDA:2,(anonymous_9)
FNDA:2,(anonymous_10)
FNDA:2,(anonymous_11)
FNDA:2,(anonymous_12)
FNDA:1,(anonymous_13)
FNDA:1,(anonymous_14)
FNDA:1,(anonymous_15)
FNDA:1,(anonymous_16)
DA:2,1
DA:11,2
DA:12,2
DA:13,2
DA:14,2
DA:15,2
DA:16,1
DA:17,1
DA:19,1
DA:21,0
DA:22,0
DA:32,2
DA:33,2
DA:34,2
DA:35,2
DA:36,2
DA:37,1
DA:38,1
DA:40,1
DA:41,1
DA:42,1
DA:44,0
DA:47,0
DA:48,0
DA:58,2
DA:59,2
DA:60,2
DA:61,2
DA:62,2
DA:63,1
DA:64,1
DA:66,1
DA:67,1
DA:68,1
DA:70,0
DA:73,0
DA:74,0
DA:84,1
DA:85,1
DA:86,1
DA:87,1
DA:88,0
DA:89,0
DA:90,0
DA:92,0
DA:95,1
DA:96,1
DA:106,1
DA:107,1
DA:108,1
DA:109,1
DA:110,1
DA:112,0
DA:113,0
LF:54
LH:40
BRDA:15,0,0,1
BRDA:36,1,0,1
BRDA:62,2,0,1
BRF:3
BRH:3
end_of_record
TN:
SF:src/controllers/favoritesController.ts
FN:11,(anonymous_7)
FN:11,(anonymous_8)
FN:30,(anonymous_9)
FN:30,(anonymous_10)
FN:39,(anonymous_11)
FN:56,(anonymous_12)
FN:56,(anonymous_13)
FN:88,(anonymous_14)
FN:88,(anonymous_15)
FNF:9
FNH:0
FNDA:0,(anonymous_7)
FNDA:0,(anonymous_8)
FNDA:0,(anonymous_9)
FNDA:0,(anonymous_10)
FNDA:0,(anonymous_11)
FNDA:0,(anonymous_12)
FNDA:0,(anonymous_13)
FNDA:0,(anonymous_14)
FNDA:0,(anonymous_15)
DA:2,0
DA:11,0
DA:12,0
DA:13,0
DA:14,0
DA:17,0
DA:19,0
DA:20,0
DA:30,0
DA:31,0
DA:32,0
DA:33,0
DA:35,0
DA:36,0
DA:38,0
DA:39,0
DA:40,0
DA:41,0
DA:43,0
DA:45,0
DA:46,0
DA:56,0
DA:57,0
DA:58,0
DA:59,0
DA:61,0
DA:62,0
DA:65,0
DA:71,0
DA:72,0
DA:75,0
DA:77,0
DA:78,0
DA:88,0
DA:89,0
DA:90,0
DA:91,0
DA:93,0
DA:94,0
DA:97,0
DA:103,0
DA:104,0
DA:107,0
DA:109,0
DA:110,0
LF:45
LH:0
BRDA:35,0,0,0
BRDA:35,1,0,0
BRDA:35,1,1,0
BRDA:35,1,2,0
BRDA:35,1,3,0
BRDA:61,2,0,0
BRDA:61,3,0,0
BRDA:61,3,1,0
BRDA:61,3,2,0
BRDA:61,3,3,0
BRDA:71,4,0,0
BRDA:93,5,0,0
BRDA:93,6,0,0
BRDA:93,6,1,0
BRDA:93,6,2,0
BRDA:103,7,0,0
BRF:16
BRH:0
end_of_record
TN:
SF:src/controllers/playlistController.ts
FN:14,(anonymous_7)
FN:14,(anonymous_8)
FN:31,(anonymous_9)
FN:31,(anonymous_10)
FN:53,(anonymous_11)
FN:53,(anonymous_12)
FN:75,(anonymous_13)
FN:75,(anonymous_14)
FN:97,(anonymous_15)
FN:97,(anonymous_16)
FN:119,(anonymous_17)
FN:119,(anonymous_18)
FNF:12
FNH:12
FNDA:2,(anonymous_7)
FNDA:2,(anonymous_8)
FNDA:2,(anonymous_9)
FNDA:2,(anonymous_10)
FNDA:3,(anonymous_11)
FNDA:3,(anonymous_12)
FNDA:3,(anonymous_13)
FNDA:3,(anonymous_14)
FNDA:3,(anonymous_15)
FNDA:3,(anonymous_16)
FNDA:2,(anonymous_17)
FNDA:2,(anonymous_18)
DA:2,1
DA:14,2
DA:15,2
DA:16,2
DA:17,2
DA:18,1
DA:20,1
DA:21,1
DA:31,2
DA:32,2
DA:33,2
DA:34,0
DA:35,0
DA:37,2
DA:38,2
DA:39,0
DA:40,0
DA:42,2
DA:43,2
DA:53,3
DA:54,3
DA:55,3
DA:56,3
DA:57,2
DA:58,1
DA:59,1
DA:61,1
DA:63,1
DA:64,1
DA:75,3
DA:76,3
DA:77,3
DA:78,3
DA:79,3
DA:80,1
DA:81,1
DA:83,2
DA:84,1
DA:86,1
DA:87,1
DA:97,3
DA:98,3
DA:99,3
DA:100,3
DA:101,3
DA:102,1
DA:103,1
DA:105,2
DA:106,1
DA:108,1
DA:109,1
DA:119,2
DA:120,2
DA:121,2
DA:122,2
DA:125,1
DA:127,1
DA:128,1
LF:58
LH:54
BRDA:33,0,0,0
BRDA:57,1,0,1
BRDA:79,2,0,1
BRDA:101,3,0,1
BRF:4
BRH:3
end_of_record
TN:
SF:src/controllers/spotifyController.ts
FN:15,(anonymous_8)
FN:15,(anonymous_9)
FN:32,(anonymous_10)
FN:32,(anonymous_11)
FN:52,(anonymous_12)
FN:52,(anonymous_13)
FN:70,(anonymous_14)
FN:70,(anonymous_15)
FN:91,(anonymous_16)
FN:95,(anonymous_17)
FN:125,(anonymous_18)
FN:125,(anonymous_19)
FN:145,(anonymous_20)
FN:145,(anonymous_21)
FN:166,(anonymous_22)
FN:166,(anonymous_23)
FN:188,(anonymous_24)
FN:192,(anonymous_25)
FN:217,(anonymous_26)
FN:221,(anonymous_27)
FNF:20
FNH:0
FNDA:0,(anonymous_8)
FNDA:0,(anonymous_9)
FNDA:0,(anonymous_10)
FNDA:0,(anonymous_11)
FNDA:0,(anonymous_12)
FNDA:0,(anonymous_13)
FNDA:0,(anonymous_14)
FNDA:0,(anonymous_15)
FNDA:0,(anonymous_16)
FNDA:0,(anonymous_17)
FNDA:0,(anonymous_18)
FNDA:0,(anonymous_19)
FNDA:0,(anonymous_20)
FNDA:0,(anonymous_21)
FNDA:0,(anonymous_22)
FNDA:0,(anonymous_23)
FNDA:0,(anonymous_24)
FNDA:0,(anonymous_25)
FNDA:0,(anonymous_26)
FNDA:0,(anonymous_27)
DA:2,0
DA:15,0
DA:16,0
DA:19,0
DA:20,0
DA:25,0
DA:27,0
DA:28,0
DA:32,0
DA:33,0
DA:34,0
DA:37,0
DA:45,0
DA:47,0
DA:48,0
DA:52,0
DA:53,0
DA:56,0
DA:57,0
DA:58,0
DA:63,0
DA:65,0
DA:66,0
DA:70,0
DA:71,0
DA:75,0
DA:76,0
DA:84,0
DA:86,0
DA:87,0
DA:91,0
DA:95,0
DA:96,0
DA:98,0
DA:99,0
DA:101,0
DA:102,0
DA:103,0
DA:107,0
DA:117,0
DA:119,0
DA:121,0
DA:125,0
DA:126,0
DA:129,0
DA:130,0
DA:138,0
DA:140,0
DA:141,0
DA:145,0
DA:146,0
DA:150,0
DA:151,0
DA:159,0
DA:161,0
DA:162,0
DA:166,0
DA:167,0
DA:172,0
DA:173,0
DA:181,0
DA:183,0
DA:184,0
DA:188,0
DA:192,0
DA:193,0
DA:194,0
DA:195,0
DA:197,0
DA:198,0
DA:199,0
DA:202,0
DA:210,0
DA:212,0
DA:213,0
DA:217,0
DA:221,0
DA:222,0
DA:223,0
DA:224,0
DA:226,0
DA:227,0
DA:228,0
DA:231,0
DA:239,0
DA:241,0
DA:242,0
LF:87
LH:0
BRDA:54,0,0,0
BRDA:54,0,1,0
BRDA:101,1,0,0
BRDA:194,2,0,0
BRDA:194,2,1,0
BRDA:194,3,0,0
BRDA:194,3,1,0
BRDA:197,4,0,0
BRDA:223,5,0,0
BRDA:223,5,1,0
BRDA:223,6,0,0
BRDA:223,6,1,0
BRDA:224,7,0,0
BRDA:224,7,1,0
BRDA:224,8,0,0
BRDA:224,8,1,0
BRDA:226,9,0,0
BRF:17
BRH:0
end_of_record
TN:
SF:src/middleware/auth.ts
FN:11,registerUser
FN:27,(anonymous_10)
FN:28,(anonymous_11)
FN:30,(anonymous_12)
FN:31,(anonymous_13)
FN:37,(anonymous_14)
FN:45,generateAccessToken
FN:54,(anonymous_16)
FN:59,(anonymous_17)
FN:71,loginUser
FN:112,authenticateUser
FN:126,(anonymous_21)
FNF:12
FNH:0
FNDA:0,registerUser
FNDA:0,(anonymous_10)
FNDA:0,(anonymous_11)
FNDA:0,(anonymous_12)
FNDA:0,(anonymous_13)
FNDA:0,(anonymous_14)
FNDA:0,generateAccessToken
FNDA:0,(anonymous_16)
FNDA:0,(anonymous_17)
FNDA:0,loginUser
FNDA:0,authenticateUser
FNDA:0,(anonymous_21)
DA:1,0
DA:2,0
DA:4,0
DA:11,0
DA:12,0
DA:13,0
DA:14,0
DA:15,0
DA:16,0
DA:19,0
DA:20,0
DA:21,0
DA:22,0
DA:24,0
DA:25,0
DA:27,0
DA:29,0
DA:30,0
DA:31,0
DA:32,0
DA:33,0
DA:38,0
DA:39,0
DA:46,0
DA:48,0
DA:49,0
DA:54,0
DA:55,0
DA:60,0
DA:61,0
DA:63,0
DA:64,0
DA:71,0
DA:72,0
DA:73,0
DA:74,0
DA:76,0
DA:77,0
DA:78,0
DA:79,0
DA:81,0
DA:83,0
DA:85,0
DA:86,0
DA:87,0
DA:88,0
DA:92,0
DA:94,0
DA:96,0
DA:97,0
DA:98,0
DA:102,0
DA:105,0
DA:107,0
DA:108,0
DA:112,0
DA:117,0
DA:119,0
DA:120,0
DA:122,0
DA:123,0
DA:124,0
DA:126,0
DA:127,0
DA:128,0
DA:130,0
DA:131,0
LF:67
LH:0
BRDA:15,0,0,0
BRDA:15,0,1,0
BRDA:15,1,0,0
BRDA:15,1,1,0
BRDA:20,2,0,0
BRDA:20,2,1,0
BRDA:48,3,0,0
BRDA:60,4,0,0
BRDA:60,4,1,0
BRDA:77,5,0,0
BRDA:77,6,0,0
BRDA:77,6,1,0
BRDA:86,7,0,0
BRDA:96,8,0,0
BRDA:122,9,0,0
BRDA:122,9,1,0
BRDA:127,10,0,0
BRDA:127,10,1,0
BRF:18
BRH:0
end_of_record
TN:
SF:src/models/Favorites.ts
FNF:0
FNH:0
DA:1,2
DA:9,2
LF:2
LH:2
BRF:0
BRH:0
end_of_record
TN:
SF:src/models/Playlist.ts
FNF:0
FNH:0
DA:1,2
DA:8,2
LF:2
LH:2
BRF:0
BRH:0
end_of_record
TN:
SF:src/models/User.ts
FNF:0
FNH:0
DA:1,2
DA:16,2
LF:2
LH:2
BRF:0
BRH:0
end_of_record
TN:
SF:src/routes/index.ts
FNF:0
FNH:0
DA:1,0
DA:2,0
DA:3,0
DA:4,0
DA:5,0
DA:7,0
DA:10,0
DA:11,0
DA:12,0
DA:13,0
DA:15,0
LF:11
LH:0
BRF:0
BRH:0
end_of_record
TN:
SF:src/routes/api/loginRoutes.ts
FN:6,(anonymous_0)
FNF:1
FNH:0
FNDA:0,(anonymous_0)
DA:1,0
DA:2,0
DA:4,0
DA:6,0
DA:7,0
DA:10,0
LF:6
LH:0
BRF:0
BRH:0
end_of_record
TN:
SF:src/routes/api/playlistRoutes.ts
FNF:0
FNH:0
DA:1,0
DA:3,0
DA:12,0
DA:14,0
DA:15,0
DA:16,0
DA:17,0
DA:18,0
DA:20,0
LF:9
LH:0
BRF:0
BRH:0
end_of_record
TN:
SF:src/routes/api/spotifyRoutes.ts
FNF:0
FNH:0
DA:1,0
DA:3,0
DA:15,0
DA:17,0
DA:19,0
DA:20,0
DA:21,0
DA:22,0
DA:23,0
DA:24,0
DA:25,0
DA:26,0
DA:28,0
LF:13
LH:0
BRF:0
BRH:0
end_of_record
TN:
SF:src/routes/api/userRoutes.ts
FNF:0
FNH:0
DA:1,0
DA:2,0
DA:7,0
DA:13,0
DA:14,0
DA:16,0
DA:18,0
DA:19,0
DA:21,0
DA:22,0
DA:25,0
DA:26,0
DA:27,0
DA:28,0
DA:29,0
DA:31,0
LF:16
LH:0
BRF:0
BRH:0
end_of_record
TN:
SF:src/utils/connection.ts
FN:13,(anonymous_8)
FN:13,(anonymous_9)
FN:40,(anonymous_10)
FNF:3
FNH:0
FNDA:0,(anonymous_8)
FNDA:0,(anonymous_9)
FNDA:0,(anonymous_10)
DA:1,2
DA:3,2
DA:5,2
DA:7,2
DA:8,2
DA:10,2
DA:11,2
DA:13,2
DA:14,0
DA:15,0
DA:18,0
DA:19,0
DA:20,0
DA:21,0
DA:23,0
DA:24,0
DA:27,0
DA:28,0
DA:29,0
DA:31,0
DA:32,0
DA:33,0
DA:35,0
DA:36,0
DA:40,2
DA:41,0
DA:42,0
DA:44,0
LF:28
LH:9
BRDA:14,0,0,0
BRDA:18,1,0,0
BRDA:18,1,1,0
BRDA:18,2,0,0
BRDA:18,2,1,0
BRDA:19,3,0,0
BRDA:19,4,0,0
BRDA:19,4,1,0
BRDA:19,5,0,0
BRDA:19,5,1,0
BRDA:41,6,0,0
BRF:11
BRH:0
end_of_record
